	.text
	.syntax unified
	.eabi_attribute	67, "2.09"	@ Tag_conformance
	.cpu	cortex-m23
	.eabi_attribute	6, 16	@ Tag_CPU_arch
	.eabi_attribute	7, 77	@ Tag_CPU_arch_profile
	.eabi_attribute	8, 0	@ Tag_ARM_ISA_use
	.eabi_attribute	9, 3	@ Tag_THUMB_ISA_use
	.eabi_attribute	34, 0	@ Tag_CPU_unaligned_access
	.eabi_attribute	17, 1	@ Tag_ABI_PCS_GOT_use
	.eabi_attribute	20, 2	@ Tag_ABI_FP_denormal
	.eabi_attribute	21, 0	@ Tag_ABI_FP_exceptions
	.eabi_attribute	23, 1	@ Tag_ABI_FP_number_model
	.eabi_attribute	24, 1	@ Tag_ABI_align_needed
	.eabi_attribute	25, 1	@ Tag_ABI_align_preserved
	.eabi_attribute	38, 1	@ Tag_ABI_FP_16bit_format
	.eabi_attribute	18, 2	@ Tag_ABI_PCS_wchar_t
	.eabi_attribute	26, 1	@ Tag_ABI_enum_size
	.eabi_attribute	14, 0	@ Tag_ABI_PCS_R9_use
	.file	"descriptors.c"
	.file	1 "C:\\Keil_v5\\ARM\\ARMCLANG\\Bin\\..\\include" "stdint.h"
	.file	2 "D:\\Software Tools\\Keil\\Test\\M251BSP-master\\M251BSP-master\\SampleCode\\StdDriver\\USBD_HID_Transfer\\KEIL" "../descriptors.c"
	.file	3 "D:\\Software Tools\\Keil\\Test\\M251BSP-master\\M251BSP-master\\SampleCode\\StdDriver\\USBD_HID_Transfer\\KEIL" "../../../../Library/StdDriver/inc\\usbd.h"
	.hidden	HID_DeviceReportDescriptor      @ @HID_DeviceReportDescriptor
	.type	HID_DeviceReportDescriptor,%object
	.section	.data.HID_DeviceReportDescriptor,"aw",%progbits
	.globl	HID_DeviceReportDescriptor
HID_DeviceReportDescriptor:
	.ascii	"\006\000\377\t\001\241\001\031\001)@\025\000&\377\000u\b\225@\201\000\031\001)@\221\000\300"
	.size	HID_DeviceReportDescriptor, 29

	.hidden	gu8DeviceDescriptor             @ @gu8DeviceDescriptor
	.type	gu8DeviceDescriptor,%object
	.section	.rodata.gu8DeviceDescriptor,"a",%progbits
	.globl	gu8DeviceDescriptor
gu8DeviceDescriptor:
	.ascii	"\022\001\020\001\000\000\000\b4\0224\022\000\000\001\002\003\001"
	.size	gu8DeviceDescriptor, 18

	.hidden	gu8ConfigDescriptor             @ @gu8ConfigDescriptor
	.type	gu8ConfigDescriptor,%object
	.section	.rodata.gu8ConfigDescriptor,"a",%progbits
	.globl	gu8ConfigDescriptor
gu8ConfigDescriptor:
	.ascii	"\t\002)\000\001\001\000\2002\t\004\000\000\002\003\000\000\000\t!\020\001\000\001\"\035\000\007\005\201\003@\000\001\007\005\002\003@\000\001"
	.size	gu8ConfigDescriptor, 41

	.hidden	gu8BosDescriptor                @ @gu8BosDescriptor
	.type	gu8BosDescriptor,%object
	.section	.rodata.gu8BosDescriptor,"a",%progbits
	.globl	gu8BosDescriptor
gu8BosDescriptor:
	.asciz	"\005\017\f\000\001\007\020\002\006\004\000"
	.size	gu8BosDescriptor, 12

	.hidden	gu8StringLang                   @ @gu8StringLang
	.type	gu8StringLang,%object
	.section	.rodata.gu8StringLang,"a",%progbits
	.globl	gu8StringLang
gu8StringLang:
	.ascii	"\004\003\t\004"
	.size	gu8StringLang, 4

	.hidden	gu8VendorStringDesc             @ @gu8VendorStringDesc
	.type	gu8VendorStringDesc,%object
	.section	.rodata.gu8VendorStringDesc,"a",%progbits
	.globl	gu8VendorStringDesc
gu8VendorStringDesc:
	.asciz	"\020\003N\000u\000v\000o\000t\000o\000n"
	.size	gu8VendorStringDesc, 16

	.hidden	gu8ProductStringDesc            @ @gu8ProductStringDesc
	.type	gu8ProductStringDesc,%object
	.section	.rodata.gu8ProductStringDesc,"a",%progbits
	.globl	gu8ProductStringDesc
gu8ProductStringDesc:
	.asciz	"\032\003H\000E\000L\000L\000L\000O\000 \000S\000S\000T\000r\000s"
	.size	gu8ProductStringDesc, 26

	.hidden	gu8StringSerial                 @ @gu8StringSerial
	.type	gu8StringSerial,%object
	.section	.rodata.gu8StringSerial,"a",%progbits
	.globl	gu8StringSerial
gu8StringSerial:
	.asciz	"\032\003A\0000\0002\0000\0001\0004\0000\0009\0000\0003\0000\0004"
	.size	gu8StringSerial, 26

	.hidden	gpu8UsbString                   @ @gpu8UsbString
	.type	gpu8UsbString,%object
	.section	.data.gpu8UsbString,"aw",%progbits
	.globl	gpu8UsbString
	.p2align	2
gpu8UsbString:
	.long	gu8StringLang
	.long	gu8VendorStringDesc
	.long	gu8ProductStringDesc
	.long	gu8StringSerial
	.size	gpu8UsbString, 16

	.hidden	gpu8UsbHidReport                @ @gpu8UsbHidReport
	.type	gpu8UsbHidReport,%object
	.section	.data.gpu8UsbHidReport,"aw",%progbits
	.globl	gpu8UsbHidReport
	.p2align	2
gpu8UsbHidReport:
	.long	HID_DeviceReportDescriptor
	.long	0
	.size	gpu8UsbHidReport, 8

	.hidden	gu32UsbHidReportLen             @ @gu32UsbHidReportLen
	.type	gu32UsbHidReportLen,%object
	.section	.rodata.gu32UsbHidReportLen,"a",%progbits
	.globl	gu32UsbHidReportLen
	.p2align	2
gu32UsbHidReportLen:
	.long	29                              @ 0x1d
	.long	0                               @ 0x0
	.size	gu32UsbHidReportLen, 8

	.hidden	gu32ConfigHidDescIdx            @ @gu32ConfigHidDescIdx
	.type	gu32ConfigHidDescIdx,%object
	.section	.rodata.gu32ConfigHidDescIdx,"a",%progbits
	.globl	gu32ConfigHidDescIdx
	.p2align	2
gu32ConfigHidDescIdx:
	.long	18                              @ 0x12
	.long	0                               @ 0x0
	.size	gu32ConfigHidDescIdx, 8

	.hidden	gsInfo                          @ @gsInfo
	.type	gsInfo,%object
	.section	.rodata.gsInfo,"a",%progbits
	.globl	gsInfo
	.p2align	2
gsInfo:
	.long	gu8DeviceDescriptor
	.long	gu8ConfigDescriptor
	.long	gpu8UsbString
	.long	gpu8UsbHidReport
	.long	0
	.long	gu32UsbHidReportLen
	.long	gu32ConfigHidDescIdx
	.size	gsInfo, 28

	.section	.debug_abbrev,"",%progbits
	.byte	1                               @ Abbreviation Code
	.byte	17                              @ DW_TAG_compile_unit
	.byte	1                               @ DW_CHILDREN_yes
	.byte	37                              @ DW_AT_producer
	.byte	14                              @ DW_FORM_strp
	.byte	19                              @ DW_AT_language
	.byte	5                               @ DW_FORM_data2
	.byte	3                               @ DW_AT_name
	.byte	14                              @ DW_FORM_strp
	.byte	16                              @ DW_AT_stmt_list
	.byte	23                              @ DW_FORM_sec_offset
	.byte	27                              @ DW_AT_comp_dir
	.byte	14                              @ DW_FORM_strp
	.byte	0                               @ EOM(1)
	.byte	0                               @ EOM(2)
	.byte	2                               @ Abbreviation Code
	.byte	52                              @ DW_TAG_variable
	.byte	0                               @ DW_CHILDREN_no
	.byte	3                               @ DW_AT_name
	.byte	14                              @ DW_FORM_strp
	.byte	73                              @ DW_AT_type
	.byte	19                              @ DW_FORM_ref4
	.byte	63                              @ DW_AT_external
	.byte	25                              @ DW_FORM_flag_present
	.byte	58                              @ DW_AT_decl_file
	.byte	11                              @ DW_FORM_data1
	.byte	59                              @ DW_AT_decl_line
	.byte	11                              @ DW_FORM_data1
	.byte	2                               @ DW_AT_location
	.byte	24                              @ DW_FORM_exprloc
	.byte	0                               @ EOM(1)
	.byte	0                               @ EOM(2)
	.byte	3                               @ Abbreviation Code
	.byte	1                               @ DW_TAG_array_type
	.byte	1                               @ DW_CHILDREN_yes
	.byte	73                              @ DW_AT_type
	.byte	19                              @ DW_FORM_ref4
	.byte	0                               @ EOM(1)
	.byte	0                               @ EOM(2)
	.byte	4                               @ Abbreviation Code
	.byte	33                              @ DW_TAG_subrange_type
	.byte	0                               @ DW_CHILDREN_no
	.byte	73                              @ DW_AT_type
	.byte	19                              @ DW_FORM_ref4
	.byte	55                              @ DW_AT_count
	.byte	11                              @ DW_FORM_data1
	.byte	0                               @ EOM(1)
	.byte	0                               @ EOM(2)
	.byte	5                               @ Abbreviation Code
	.byte	22                              @ DW_TAG_typedef
	.byte	0                               @ DW_CHILDREN_no
	.byte	73                              @ DW_AT_type
	.byte	19                              @ DW_FORM_ref4
	.byte	3                               @ DW_AT_name
	.byte	14                              @ DW_FORM_strp
	.byte	58                              @ DW_AT_decl_file
	.byte	11                              @ DW_FORM_data1
	.byte	59                              @ DW_AT_decl_line
	.byte	11                              @ DW_FORM_data1
	.byte	0                               @ EOM(1)
	.byte	0                               @ EOM(2)
	.byte	6                               @ Abbreviation Code
	.byte	36                              @ DW_TAG_base_type
	.byte	0                               @ DW_CHILDREN_no
	.byte	3                               @ DW_AT_name
	.byte	14                              @ DW_FORM_strp
	.byte	62                              @ DW_AT_encoding
	.byte	11                              @ DW_FORM_data1
	.byte	11                              @ DW_AT_byte_size
	.byte	11                              @ DW_FORM_data1
	.byte	0                               @ EOM(1)
	.byte	0                               @ EOM(2)
	.byte	7                               @ Abbreviation Code
	.byte	36                              @ DW_TAG_base_type
	.byte	0                               @ DW_CHILDREN_no
	.byte	3                               @ DW_AT_name
	.byte	14                              @ DW_FORM_strp
	.byte	11                              @ DW_AT_byte_size
	.byte	11                              @ DW_FORM_data1
	.byte	62                              @ DW_AT_encoding
	.byte	11                              @ DW_FORM_data1
	.byte	0                               @ EOM(1)
	.byte	0                               @ EOM(2)
	.byte	8                               @ Abbreviation Code
	.byte	38                              @ DW_TAG_const_type
	.byte	0                               @ DW_CHILDREN_no
	.byte	73                              @ DW_AT_type
	.byte	19                              @ DW_FORM_ref4
	.byte	0                               @ EOM(1)
	.byte	0                               @ EOM(2)
	.byte	9                               @ Abbreviation Code
	.byte	15                              @ DW_TAG_pointer_type
	.byte	0                               @ DW_CHILDREN_no
	.byte	73                              @ DW_AT_type
	.byte	19                              @ DW_FORM_ref4
	.byte	0                               @ EOM(1)
	.byte	0                               @ EOM(2)
	.byte	10                              @ Abbreviation Code
	.byte	19                              @ DW_TAG_structure_type
	.byte	1                               @ DW_CHILDREN_yes
	.byte	3                               @ DW_AT_name
	.byte	14                              @ DW_FORM_strp
	.byte	11                              @ DW_AT_byte_size
	.byte	11                              @ DW_FORM_data1
	.byte	58                              @ DW_AT_decl_file
	.byte	11                              @ DW_FORM_data1
	.byte	59                              @ DW_AT_decl_line
	.byte	11                              @ DW_FORM_data1
	.byte	0                               @ EOM(1)
	.byte	0                               @ EOM(2)
	.byte	11                              @ Abbreviation Code
	.byte	13                              @ DW_TAG_member
	.byte	0                               @ DW_CHILDREN_no
	.byte	3                               @ DW_AT_name
	.byte	14                              @ DW_FORM_strp
	.byte	73                              @ DW_AT_type
	.byte	19                              @ DW_FORM_ref4
	.byte	58                              @ DW_AT_decl_file
	.byte	11                              @ DW_FORM_data1
	.byte	59                              @ DW_AT_decl_line
	.byte	11                              @ DW_FORM_data1
	.byte	56                              @ DW_AT_data_member_location
	.byte	11                              @ DW_FORM_data1
	.byte	0                               @ EOM(1)
	.byte	0                               @ EOM(2)
	.byte	0                               @ EOM(3)
	.section	.debug_info,"",%progbits
.Lcu_begin0:
	.long	.Ldebug_info_end0-.Ldebug_info_start0 @ Length of Unit
.Ldebug_info_start0:
	.short	4                               @ DWARF version number
	.long	.debug_abbrev                   @ Offset Into Abbrev. Section
	.byte	4                               @ Address Size (in bytes)
	.byte	1                               @ Abbrev [1] 0xb:0x21f DW_TAG_compile_unit
	.long	.Linfo_string0                  @ DW_AT_producer
	.short	1                               @ DW_AT_language
	.long	.Linfo_string1                  @ DW_AT_name
	.long	.Lline_table_start0             @ DW_AT_stmt_list
	.long	.Linfo_string2                  @ DW_AT_comp_dir
	.byte	2                               @ Abbrev [2] 0x1e:0x11 DW_TAG_variable
	.long	.Linfo_string3                  @ DW_AT_name
	.long	47                              @ DW_AT_type
                                        @ DW_AT_external
	.byte	2                               @ DW_AT_decl_file
	.byte	14                              @ DW_AT_decl_line
	.byte	5                               @ DW_AT_location
	.byte	3
	.long	HID_DeviceReportDescriptor
	.byte	3                               @ Abbrev [3] 0x2f:0xc DW_TAG_array_type
	.long	59                              @ DW_AT_type
	.byte	4                               @ Abbrev [4] 0x34:0x6 DW_TAG_subrange_type
	.long	77                              @ DW_AT_type
	.byte	29                              @ DW_AT_count
	.byte	0                               @ End Of Children Mark
	.byte	5                               @ Abbrev [5] 0x3b:0xb DW_TAG_typedef
	.long	70                              @ DW_AT_type
	.long	.Linfo_string5                  @ DW_AT_name
	.byte	1                               @ DW_AT_decl_file
	.byte	62                              @ DW_AT_decl_line
	.byte	6                               @ Abbrev [6] 0x46:0x7 DW_TAG_base_type
	.long	.Linfo_string4                  @ DW_AT_name
	.byte	8                               @ DW_AT_encoding
	.byte	1                               @ DW_AT_byte_size
	.byte	7                               @ Abbrev [7] 0x4d:0x7 DW_TAG_base_type
	.long	.Linfo_string6                  @ DW_AT_name
	.byte	8                               @ DW_AT_byte_size
	.byte	7                               @ DW_AT_encoding
	.byte	2                               @ Abbrev [2] 0x54:0x11 DW_TAG_variable
	.long	.Linfo_string7                  @ DW_AT_name
	.long	101                             @ DW_AT_type
                                        @ DW_AT_external
	.byte	2                               @ DW_AT_decl_file
	.byte	38                              @ DW_AT_decl_line
	.byte	5                               @ DW_AT_location
	.byte	3
	.long	gu8DeviceDescriptor
	.byte	3                               @ Abbrev [3] 0x65:0xc DW_TAG_array_type
	.long	113                             @ DW_AT_type
	.byte	4                               @ Abbrev [4] 0x6a:0x6 DW_TAG_subrange_type
	.long	77                              @ DW_AT_type
	.byte	18                              @ DW_AT_count
	.byte	0                               @ End Of Children Mark
	.byte	8                               @ Abbrev [8] 0x71:0x5 DW_TAG_const_type
	.long	59                              @ DW_AT_type
	.byte	2                               @ Abbrev [2] 0x76:0x11 DW_TAG_variable
	.long	.Linfo_string8                  @ DW_AT_name
	.long	135                             @ DW_AT_type
                                        @ DW_AT_external
	.byte	2                               @ DW_AT_decl_file
	.byte	62                              @ DW_AT_decl_line
	.byte	5                               @ DW_AT_location
	.byte	3
	.long	gu8ConfigDescriptor
	.byte	3                               @ Abbrev [3] 0x87:0xc DW_TAG_array_type
	.long	113                             @ DW_AT_type
	.byte	4                               @ Abbrev [4] 0x8c:0x6 DW_TAG_subrange_type
	.long	77                              @ DW_AT_type
	.byte	41                              @ DW_AT_count
	.byte	0                               @ End Of Children Mark
	.byte	2                               @ Abbrev [2] 0x93:0x11 DW_TAG_variable
	.long	.Linfo_string9                  @ DW_AT_name
	.long	164                             @ DW_AT_type
                                        @ DW_AT_external
	.byte	2                               @ DW_AT_decl_file
	.byte	116                             @ DW_AT_decl_line
	.byte	5                               @ DW_AT_location
	.byte	3
	.long	gu8BosDescriptor
	.byte	3                               @ Abbrev [3] 0xa4:0xc DW_TAG_array_type
	.long	113                             @ DW_AT_type
	.byte	4                               @ Abbrev [4] 0xa9:0x6 DW_TAG_subrange_type
	.long	77                              @ DW_AT_type
	.byte	12                              @ DW_AT_count
	.byte	0                               @ End Of Children Mark
	.byte	2                               @ Abbrev [2] 0xb0:0x11 DW_TAG_variable
	.long	.Linfo_string10                 @ DW_AT_name
	.long	193                             @ DW_AT_type
                                        @ DW_AT_external
	.byte	2                               @ DW_AT_decl_file
	.byte	139                             @ DW_AT_decl_line
	.byte	5                               @ DW_AT_location
	.byte	3
	.long	gu8StringLang
	.byte	3                               @ Abbrev [3] 0xc1:0xc DW_TAG_array_type
	.long	113                             @ DW_AT_type
	.byte	4                               @ Abbrev [4] 0xc6:0x6 DW_TAG_subrange_type
	.long	77                              @ DW_AT_type
	.byte	4                               @ DW_AT_count
	.byte	0                               @ End Of Children Mark
	.byte	2                               @ Abbrev [2] 0xcd:0x11 DW_TAG_variable
	.long	.Linfo_string11                 @ DW_AT_name
	.long	222                             @ DW_AT_type
                                        @ DW_AT_external
	.byte	2                               @ DW_AT_decl_file
	.byte	147                             @ DW_AT_decl_line
	.byte	5                               @ DW_AT_location
	.byte	3
	.long	gu8VendorStringDesc
	.byte	3                               @ Abbrev [3] 0xde:0xc DW_TAG_array_type
	.long	113                             @ DW_AT_type
	.byte	4                               @ Abbrev [4] 0xe3:0x6 DW_TAG_subrange_type
	.long	77                              @ DW_AT_type
	.byte	16                              @ DW_AT_count
	.byte	0                               @ End Of Children Mark
	.byte	2                               @ Abbrev [2] 0xea:0x11 DW_TAG_variable
	.long	.Linfo_string12                 @ DW_AT_name
	.long	251                             @ DW_AT_type
                                        @ DW_AT_external
	.byte	2                               @ DW_AT_decl_file
	.byte	155                             @ DW_AT_decl_line
	.byte	5                               @ DW_AT_location
	.byte	3
	.long	gu8ProductStringDesc
	.byte	3                               @ Abbrev [3] 0xfb:0xc DW_TAG_array_type
	.long	113                             @ DW_AT_type
	.byte	4                               @ Abbrev [4] 0x100:0x6 DW_TAG_subrange_type
	.long	77                              @ DW_AT_type
	.byte	26                              @ DW_AT_count
	.byte	0                               @ End Of Children Mark
	.byte	2                               @ Abbrev [2] 0x107:0x11 DW_TAG_variable
	.long	.Linfo_string13                 @ DW_AT_name
	.long	251                             @ DW_AT_type
                                        @ DW_AT_external
	.byte	2                               @ DW_AT_decl_file
	.byte	164                             @ DW_AT_decl_line
	.byte	5                               @ DW_AT_location
	.byte	3
	.long	gu8StringSerial
	.byte	2                               @ Abbrev [2] 0x118:0x11 DW_TAG_variable
	.long	.Linfo_string14                 @ DW_AT_name
	.long	297                             @ DW_AT_type
                                        @ DW_AT_external
	.byte	2                               @ DW_AT_decl_file
	.byte	171                             @ DW_AT_decl_line
	.byte	5                               @ DW_AT_location
	.byte	3
	.long	gpu8UsbString
	.byte	3                               @ Abbrev [3] 0x129:0xc DW_TAG_array_type
	.long	309                             @ DW_AT_type
	.byte	4                               @ Abbrev [4] 0x12e:0x6 DW_TAG_subrange_type
	.long	77                              @ DW_AT_type
	.byte	4                               @ DW_AT_count
	.byte	0                               @ End Of Children Mark
	.byte	9                               @ Abbrev [9] 0x135:0x5 DW_TAG_pointer_type
	.long	113                             @ DW_AT_type
	.byte	2                               @ Abbrev [2] 0x13a:0x11 DW_TAG_variable
	.long	.Linfo_string15                 @ DW_AT_name
	.long	331                             @ DW_AT_type
                                        @ DW_AT_external
	.byte	2                               @ DW_AT_decl_file
	.byte	179                             @ DW_AT_decl_line
	.byte	5                               @ DW_AT_location
	.byte	3
	.long	gpu8UsbHidReport
	.byte	3                               @ Abbrev [3] 0x14b:0xc DW_TAG_array_type
	.long	309                             @ DW_AT_type
	.byte	4                               @ Abbrev [4] 0x150:0x6 DW_TAG_subrange_type
	.long	77                              @ DW_AT_type
	.byte	2                               @ DW_AT_count
	.byte	0                               @ End Of Children Mark
	.byte	2                               @ Abbrev [2] 0x157:0x11 DW_TAG_variable
	.long	.Linfo_string16                 @ DW_AT_name
	.long	360                             @ DW_AT_type
                                        @ DW_AT_external
	.byte	2                               @ DW_AT_decl_file
	.byte	185                             @ DW_AT_decl_line
	.byte	5                               @ DW_AT_location
	.byte	3
	.long	gu32UsbHidReportLen
	.byte	3                               @ Abbrev [3] 0x168:0xc DW_TAG_array_type
	.long	372                             @ DW_AT_type
	.byte	4                               @ Abbrev [4] 0x16d:0x6 DW_TAG_subrange_type
	.long	77                              @ DW_AT_type
	.byte	2                               @ DW_AT_count
	.byte	0                               @ End Of Children Mark
	.byte	8                               @ Abbrev [8] 0x174:0x5 DW_TAG_const_type
	.long	377                             @ DW_AT_type
	.byte	5                               @ Abbrev [5] 0x179:0xb DW_TAG_typedef
	.long	388                             @ DW_AT_type
	.long	.Linfo_string18                 @ DW_AT_name
	.byte	1                               @ DW_AT_decl_file
	.byte	64                              @ DW_AT_decl_line
	.byte	6                               @ Abbrev [6] 0x184:0x7 DW_TAG_base_type
	.long	.Linfo_string17                 @ DW_AT_name
	.byte	7                               @ DW_AT_encoding
	.byte	4                               @ DW_AT_byte_size
	.byte	2                               @ Abbrev [2] 0x18b:0x11 DW_TAG_variable
	.long	.Linfo_string19                 @ DW_AT_name
	.long	360                             @ DW_AT_type
                                        @ DW_AT_external
	.byte	2                               @ DW_AT_decl_file
	.byte	191                             @ DW_AT_decl_line
	.byte	5                               @ DW_AT_location
	.byte	3
	.long	gu32ConfigHidDescIdx
	.byte	2                               @ Abbrev [2] 0x19c:0x11 DW_TAG_variable
	.long	.Linfo_string20                 @ DW_AT_name
	.long	429                             @ DW_AT_type
                                        @ DW_AT_external
	.byte	2                               @ DW_AT_decl_file
	.byte	197                             @ DW_AT_decl_line
	.byte	5                               @ DW_AT_location
	.byte	3
	.long	gsInfo
	.byte	8                               @ Abbrev [8] 0x1ad:0x5 DW_TAG_const_type
	.long	434                             @ DW_AT_type
	.byte	5                               @ Abbrev [5] 0x1b2:0xb DW_TAG_typedef
	.long	445                             @ DW_AT_type
	.long	.Linfo_string28                 @ DW_AT_name
	.byte	3                               @ DW_AT_decl_file
	.byte	51                              @ DW_AT_decl_line
	.byte	10                              @ Abbrev [10] 0x1bd:0x5d DW_TAG_structure_type
	.long	.Linfo_string27                 @ DW_AT_name
	.byte	28                              @ DW_AT_byte_size
	.byte	3                               @ DW_AT_decl_file
	.byte	42                              @ DW_AT_decl_line
	.byte	11                              @ Abbrev [11] 0x1c5:0xc DW_TAG_member
	.long	.Linfo_string21                 @ DW_AT_name
	.long	538                             @ DW_AT_type
	.byte	3                               @ DW_AT_decl_file
	.byte	44                              @ DW_AT_decl_line
	.byte	0                               @ DW_AT_data_member_location
	.byte	11                              @ Abbrev [11] 0x1d1:0xc DW_TAG_member
	.long	.Linfo_string22                 @ DW_AT_name
	.long	538                             @ DW_AT_type
	.byte	3                               @ DW_AT_decl_file
	.byte	45                              @ DW_AT_decl_line
	.byte	4                               @ DW_AT_data_member_location
	.byte	11                              @ Abbrev [11] 0x1dd:0xc DW_TAG_member
	.long	.Linfo_string23                 @ DW_AT_name
	.long	543                             @ DW_AT_type
	.byte	3                               @ DW_AT_decl_file
	.byte	46                              @ DW_AT_decl_line
	.byte	8                               @ DW_AT_data_member_location
	.byte	11                              @ Abbrev [11] 0x1e9:0xc DW_TAG_member
	.long	.Linfo_string24                 @ DW_AT_name
	.long	543                             @ DW_AT_type
	.byte	3                               @ DW_AT_decl_file
	.byte	47                              @ DW_AT_decl_line
	.byte	12                              @ DW_AT_data_member_location
	.byte	11                              @ Abbrev [11] 0x1f5:0xc DW_TAG_member
	.long	.Linfo_string25                 @ DW_AT_name
	.long	538                             @ DW_AT_type
	.byte	3                               @ DW_AT_decl_file
	.byte	48                              @ DW_AT_decl_line
	.byte	16                              @ DW_AT_data_member_location
	.byte	11                              @ Abbrev [11] 0x201:0xc DW_TAG_member
	.long	.Linfo_string26                 @ DW_AT_name
	.long	548                             @ DW_AT_type
	.byte	3                               @ DW_AT_decl_file
	.byte	49                              @ DW_AT_decl_line
	.byte	20                              @ DW_AT_data_member_location
	.byte	11                              @ Abbrev [11] 0x20d:0xc DW_TAG_member
	.long	.Linfo_string19                 @ DW_AT_name
	.long	548                             @ DW_AT_type
	.byte	3                               @ DW_AT_decl_file
	.byte	50                              @ DW_AT_decl_line
	.byte	24                              @ DW_AT_data_member_location
	.byte	0                               @ End Of Children Mark
	.byte	9                               @ Abbrev [9] 0x21a:0x5 DW_TAG_pointer_type
	.long	59                              @ DW_AT_type
	.byte	9                               @ Abbrev [9] 0x21f:0x5 DW_TAG_pointer_type
	.long	538                             @ DW_AT_type
	.byte	9                               @ Abbrev [9] 0x224:0x5 DW_TAG_pointer_type
	.long	377                             @ DW_AT_type
	.byte	0                               @ End Of Children Mark
.Ldebug_info_end0:
	.section	.debug_str,"MS",%progbits,1
.Linfo_string0:
	.asciz	"Component: ARM Compiler 6.16 Tool: armclang [5dfeb700]" @ string offset=0
.Linfo_string1:
	.asciz	"..\\descriptors.c"             @ string offset=55
.Linfo_string2:
	.asciz	"D:\\Software Tools\\Keil\\Test\\M251BSP-master\\M251BSP-master\\SampleCode\\StdDriver\\USBD_HID_Transfer\\KEIL" @ string offset=72
.Linfo_string3:
	.asciz	"HID_DeviceReportDescriptor"    @ string offset=174
.Linfo_string4:
	.asciz	"unsigned char"                 @ string offset=201
.Linfo_string5:
	.asciz	"uint8_t"                       @ string offset=215
.Linfo_string6:
	.asciz	"__ARRAY_SIZE_TYPE__"           @ string offset=223
.Linfo_string7:
	.asciz	"gu8DeviceDescriptor"           @ string offset=243
.Linfo_string8:
	.asciz	"gu8ConfigDescriptor"           @ string offset=263
.Linfo_string9:
	.asciz	"gu8BosDescriptor"              @ string offset=283
.Linfo_string10:
	.asciz	"gu8StringLang"                 @ string offset=300
.Linfo_string11:
	.asciz	"gu8VendorStringDesc"           @ string offset=314
.Linfo_string12:
	.asciz	"gu8ProductStringDesc"          @ string offset=334
.Linfo_string13:
	.asciz	"gu8StringSerial"               @ string offset=355
.Linfo_string14:
	.asciz	"gpu8UsbString"                 @ string offset=371
.Linfo_string15:
	.asciz	"gpu8UsbHidReport"              @ string offset=385
.Linfo_string16:
	.asciz	"gu32UsbHidReportLen"           @ string offset=402
.Linfo_string17:
	.asciz	"unsigned int"                  @ string offset=422
.Linfo_string18:
	.asciz	"uint32_t"                      @ string offset=435
.Linfo_string19:
	.asciz	"gu32ConfigHidDescIdx"          @ string offset=444
.Linfo_string20:
	.asciz	"gsInfo"                        @ string offset=465
.Linfo_string21:
	.asciz	"gu8DevDesc"                    @ string offset=472
.Linfo_string22:
	.asciz	"gu8ConfigDesc"                 @ string offset=483
.Linfo_string23:
	.asciz	"gu8StringDesc"                 @ string offset=497
.Linfo_string24:
	.asciz	"gu8HidReportDesc"              @ string offset=511
.Linfo_string25:
	.asciz	"gu8BosDesc"                    @ string offset=528
.Linfo_string26:
	.asciz	"gu32HidReportSize"             @ string offset=539
.Linfo_string27:
	.asciz	"s_usbd_info"                   @ string offset=557
.Linfo_string28:
	.asciz	"S_USBD_INFO_T"                 @ string offset=569
	.ident	"Component: ARM Compiler 6.16 Tool: armclang [5dfeb700]"
	.section	".note.GNU-stack","",%progbits
	.ARM_attribute	16, 1	@ Tag_AV_eba
	.section	.debug_line,"",%progbits
.Lline_table_start0:
