	.text
	.syntax unified
	.eabi_attribute	67, "2.09"	@ Tag_conformance
	.cpu	cortex-m23
	.eabi_attribute	6, 16	@ Tag_CPU_arch
	.eabi_attribute	7, 77	@ Tag_CPU_arch_profile
	.eabi_attribute	8, 0	@ Tag_ARM_ISA_use
	.eabi_attribute	9, 3	@ Tag_THUMB_ISA_use
	.eabi_attribute	34, 0	@ Tag_CPU_unaligned_access
	.eabi_attribute	17, 1	@ Tag_ABI_PCS_GOT_use
	.eabi_attribute	20, 2	@ Tag_ABI_FP_denormal
	.eabi_attribute	21, 0	@ Tag_ABI_FP_exceptions
	.eabi_attribute	23, 1	@ Tag_ABI_FP_number_model
	.eabi_attribute	24, 1	@ Tag_ABI_align_needed
	.eabi_attribute	25, 1	@ Tag_ABI_align_preserved
	.eabi_attribute	38, 1	@ Tag_ABI_FP_16bit_format
	.eabi_attribute	18, 2	@ Tag_ABI_PCS_wchar_t
	.eabi_attribute	26, 1	@ Tag_ABI_enum_size
	.eabi_attribute	14, 0	@ Tag_ABI_PCS_R9_use
	.file	"retarget.c"
	.file	1 "C:\\Keil_v5\\ARM\\ARMCLANG\\Bin\\..\\include" "stdio.h"
	.file	2 "D:\\Software Tools\\Keil\\Test\\M251BSP-master\\M251BSP-master\\SampleCode\\StdDriver\\USBD_HID_Transfer\\KEIL" "../../../../Library/StdDriver/src/retarget.c"
	.file	3 "C:\\Keil_v5\\ARM\\ARMCLANG\\Bin\\..\\include" "stdint.h"
	.file	4 "D:\\Software Tools\\Keil\\Test\\M251BSP-master\\M251BSP-master\\SampleCode\\StdDriver\\USBD_HID_Transfer\\KEIL" "../../../../Library/Device/Nuvoton/M251/Include/M251.h"
	.file	5 "D:\\Software Tools\\Keil\\Test\\M251BSP-master\\M251BSP-master\\SampleCode\\StdDriver\\USBD_HID_Transfer\\KEIL" "../../../../Library/Device/Nuvoton/M251/Include/uart_reg.h"
	.section	.text.SH_Return,"ax",%progbits
	.hidden	SH_Return                       @ -- Begin function SH_Return
	.globl	SH_Return
	.p2align	1
	.type	SH_Return,%function
	.code	16                              @ @SH_Return
	.thumb_func
SH_Return:
.Lfunc_begin0:
	.loc	2 178 0                         @ ../../../../Library/StdDriver/src/retarget.c:178:0
	.fnstart
	.cfi_sections .debug_frame
	.cfi_startproc
@ %bb.0:
	.pad	#12
	sub	sp, #12
	.cfi_def_cfa_offset 12
	str	r0, [sp, #8]
	str	r1, [sp, #4]
	str	r2, [sp]
	movs	r0, #0
.Ltmp0:
	.loc	2 179 5 prologue_end            @ ../../../../Library/StdDriver/src/retarget.c:179:5
	add	sp, #12
	bx	lr
.Ltmp1:
.Lfunc_end0:
	.size	SH_Return, .Lfunc_end0-SH_Return
	.cfi_endproc
	.cantunwind
	.fnend
                                        @ -- End function
	.section	.text.ProcessHardFault,"ax",%progbits
	.hidden	ProcessHardFault                @ -- Begin function ProcessHardFault
	.weak	ProcessHardFault
	.p2align	2
	.type	ProcessHardFault,%function
	.code	16                              @ @ProcessHardFault
	.thumb_func
ProcessHardFault:
.Lfunc_begin1:
	.loc	2 192 0                         @ ../../../../Library/StdDriver/src/retarget.c:192:0
	.fnstart
	.cfi_startproc
@ %bb.0:
	.save	{r7, lr}
	push	{r7, lr}
	.cfi_def_cfa_offset 8
	.cfi_offset lr, -4
	.cfi_offset r7, -8
	.pad	#24
	sub	sp, #24
	.cfi_def_cfa_offset 32
	str	r0, [sp, #16]
	str	r1, [sp, #12]
	str	r2, [sp, #8]
	add	r0, sp, #16
.Ltmp2:
	.loc	2 207 13 prologue_end           @ ../../../../Library/StdDriver/src/retarget.c:207:13
	ldrb	r0, [r0]
	lsls	r0, r0, #29
	cmp	r0, #0
	bpl	.LBB1_2
	b	.LBB1_1
.LBB1_1:
.Ltmp3:
	.loc	2 209 30                        @ ../../../../Library/StdDriver/src/retarget.c:209:30
	ldr	r0, [sp, #8]
	.loc	2 209 16 is_stmt 0              @ ../../../../Library/StdDriver/src/retarget.c:209:16
	str	r0, [sp, #4]
	.loc	2 210 9 is_stmt 1               @ ../../../../Library/StdDriver/src/retarget.c:210:9
	b	.LBB1_3
.Ltmp4:
.LBB1_2:
	.loc	2 213 30                        @ ../../../../Library/StdDriver/src/retarget.c:213:30
	ldr	r0, [sp, #12]
	.loc	2 213 16 is_stmt 0              @ ../../../../Library/StdDriver/src/retarget.c:213:16
	str	r0, [sp, #4]
	b	.LBB1_3
.Ltmp5:
.LBB1_3:
	.loc	2 230 12 is_stmt 1              @ ../../../../Library/StdDriver/src/retarget.c:230:12
	ldr	r0, [sp, #4]
	ldr	r0, [r0, #24]
	ldrh	r0, [r0]
	.loc	2 230 10 is_stmt 0              @ ../../../../Library/StdDriver/src/retarget.c:230:10
	str	r0, [sp]
.Ltmp6:
	.loc	2 232 9 is_stmt 1               @ ../../../../Library/StdDriver/src/retarget.c:232:9
	ldr	r0, [sp]
	ldr	r1, __arm_cp.1_0
.Ltmp7:
	.loc	2 232 9 is_stmt 0               @ ../../../../Library/StdDriver/src/retarget.c:232:9
	cmp	r0, r1
	bne	.LBB1_5
	b	.LBB1_4
.LBB1_4:
.Ltmp8:
	.loc	2 238 24 is_stmt 1              @ ../../../../Library/StdDriver/src/retarget.c:238:24
	ldr	r1, __arm_cp.1_2
	movs	r0, #0
	str	r0, [r1]
	.loc	2 239 9                         @ ../../../../Library/StdDriver/src/retarget.c:239:9
	ldr	r1, [sp, #4]
	.loc	2 239 15 is_stmt 0              @ ../../../../Library/StdDriver/src/retarget.c:239:15
	ldr	r0, [r1, #24]
	adds	r0, r0, #2
	str	r0, [r1, #24]
	.loc	2 240 16 is_stmt 1              @ ../../../../Library/StdDriver/src/retarget.c:240:16
	ldr	r0, [sp, #16]
	.loc	2 240 9 is_stmt 0               @ ../../../../Library/StdDriver/src/retarget.c:240:9
	str	r0, [sp, #20]
	b	.LBB1_9
.Ltmp9:
.LBB1_5:
	.loc	2 243 5 is_stmt 1               @ ../../../../Library/StdDriver/src/retarget.c:243:5
	ldr	r0, __arm_cp.1_1
	bl	printf
	.loc	2 244 15                        @ ../../../../Library/StdDriver/src/retarget.c:244:15
	ldr	r0, [sp, #4]
	.loc	2 244 5 is_stmt 0               @ ../../../../Library/StdDriver/src/retarget.c:244:5
	bl	DumpStack
	.loc	2 247 5 is_stmt 1               @ ../../../../Library/StdDriver/src/retarget.c:247:5
	b	.LBB1_6
.LBB1_6:                                @ =>This Inner Loop Header: Depth=1
	.loc	2 247 18 is_stmt 0              @ ../../../../Library/StdDriver/src/retarget.c:247:18
	ldr	r0, [sp, #4]
	.loc	2 247 17                        @ ../../../../Library/StdDriver/src/retarget.c:247:17
	ldr	r0, [r0]
	movs	r1, #1
	.loc	2 247 15                        @ ../../../../Library/StdDriver/src/retarget.c:247:15
	orrs	r0, r1
	.loc	2 247 5                         @ ../../../../Library/StdDriver/src/retarget.c:247:5
	cbz	r0, .LBB1_8
	b	.LBB1_7
.LBB1_7:                                @   in Loop: Header=BB1_6 Depth=1
	b	.LBB1_6
.LBB1_8:
	.loc	2 249 12 is_stmt 1              @ ../../../../Library/StdDriver/src/retarget.c:249:12
	ldr	r0, [sp, #16]
	.loc	2 249 5 is_stmt 0               @ ../../../../Library/StdDriver/src/retarget.c:249:5
	str	r0, [sp, #20]
	b	.LBB1_9
.LBB1_9:
	.loc	2 250 1 is_stmt 1               @ ../../../../Library/StdDriver/src/retarget.c:250:1
	ldr	r0, [sp, #20]
	add	sp, #24
	pop	{r7, pc}
.Ltmp10:
	.p2align	2
@ %bb.10:
	.loc	2 0 1 is_stmt 0                 @ ../../../../Library/StdDriver/src/retarget.c:0:1
__arm_cp.1_0:
	.long	48811                           @ 0xbeab
.Lcpi_end0:
	.size	__arm_cp.1_0, .Lcpi_end0-__arm_cp.1_0
__arm_cp.1_1:
	.long	.L.str
.Lcpi_end1:
	.size	__arm_cp.1_1, .Lcpi_end1-__arm_cp.1_1
__arm_cp.1_2:
	.long	g_ICE_Conneced
.Lcpi_end2:
	.size	__arm_cp.1_2, .Lcpi_end2-__arm_cp.1_2
.Lfunc_end1:
	.size	ProcessHardFault, .Lfunc_end1-ProcessHardFault
	.cfi_endproc
	.cantunwind
	.fnend
                                        @ -- End function
	.section	.text.DumpStack,"ax",%progbits
	.p2align	1                               @ -- Begin function DumpStack
	.type	DumpStack,%function
	.code	16                              @ @DumpStack
	.thumb_func
DumpStack:
.Lfunc_begin2:
	.loc	2 106 0 is_stmt 1               @ ../../../../Library/StdDriver/src/retarget.c:106:0
	.fnstart
	.cfi_startproc
@ %bb.0:
	.pad	#4
	sub	sp, #4
	.cfi_def_cfa_offset 4
	str	r0, [sp]
.Ltmp11:
	.loc	2 117 1 prologue_end            @ ../../../../Library/StdDriver/src/retarget.c:117:1
	add	sp, #4
	bx	lr
.Ltmp12:
.Lfunc_end2:
	.size	DumpStack, .Lfunc_end2-DumpStack
	.cfi_endproc
	.cantunwind
	.fnend
                                        @ -- End function
	.section	.text.SendChar_ToUART,"ax",%progbits
	.hidden	SendChar_ToUART                 @ -- Begin function SendChar_ToUART
	.globl	SendChar_ToUART
	.p2align	2
	.type	SendChar_ToUART,%function
	.code	16                              @ @SendChar_ToUART
	.thumb_func
SendChar_ToUART:
.Lfunc_begin3:
	.loc	2 264 0                         @ ../../../../Library/StdDriver/src/retarget.c:264:0
	.fnstart
	.cfi_startproc
@ %bb.0:
	.pad	#4
	sub	sp, #4
	.cfi_def_cfa_offset 4
	str	r0, [sp]
.Ltmp13:
	.loc	2 265 5 prologue_end            @ ../../../../Library/StdDriver/src/retarget.c:265:5
	b	.LBB3_1
.LBB3_1:                                @ =>This Inner Loop Header: Depth=1
	.loc	2 0 5 is_stmt 0                 @ ../../../../Library/StdDriver/src/retarget.c:0:5
	ldr	r0, __arm_cp.3_0
	.loc	2 265 24                        @ ../../../../Library/StdDriver/src/retarget.c:265:24
	ldr	r0, [r0]
	.loc	2 265 5                         @ ../../../../Library/StdDriver/src/retarget.c:265:5
	lsls	r0, r0, #8
	cmp	r0, #0
	bpl	.LBB3_3
	b	.LBB3_2
.LBB3_2:                                @   in Loop: Header=BB3_1 Depth=1
	b	.LBB3_1
.LBB3_3:
	.loc	2 0 5                           @ ../../../../Library/StdDriver/src/retarget.c:0:5
	mov	r0, sp
.Ltmp14:
	.loc	2 267 15 is_stmt 1              @ ../../../../Library/StdDriver/src/retarget.c:267:15
	ldrb	r0, [r0]
.Ltmp15:
	.loc	2 267 9 is_stmt 0               @ ../../../../Library/StdDriver/src/retarget.c:267:9
	cmp	r0, #10
	bne	.LBB3_8
	b	.LBB3_4
.LBB3_4:
	.loc	2 0 9                           @ ../../../../Library/StdDriver/src/retarget.c:0:9
	ldr	r1, __arm_cp.3_1
	movs	r0, #13
.Ltmp16:
	.loc	2 269 25 is_stmt 1              @ ../../../../Library/StdDriver/src/retarget.c:269:25
	str	r0, [r1]
	.loc	2 271 9                         @ ../../../../Library/StdDriver/src/retarget.c:271:9
	b	.LBB3_5
.LBB3_5:                                @ =>This Inner Loop Header: Depth=1
	.loc	2 0 9 is_stmt 0                 @ ../../../../Library/StdDriver/src/retarget.c:0:9
	ldr	r0, __arm_cp.3_0
	.loc	2 271 28                        @ ../../../../Library/StdDriver/src/retarget.c:271:28
	ldr	r0, [r0]
	.loc	2 271 9                         @ ../../../../Library/StdDriver/src/retarget.c:271:9
	lsls	r0, r0, #8
	cmp	r0, #0
	bpl	.LBB3_7
	b	.LBB3_6
.LBB3_6:                                @   in Loop: Header=BB3_5 Depth=1
	b	.LBB3_5
.LBB3_7:
	.loc	2 273 5 is_stmt 1               @ ../../../../Library/StdDriver/src/retarget.c:273:5
	b	.LBB3_8
.Ltmp17:
.LBB3_8:
	.loc	2 275 33                        @ ../../../../Library/StdDriver/src/retarget.c:275:33
	ldr	r0, [sp]
	ldr	r1, __arm_cp.3_1
	.loc	2 275 21 is_stmt 0              @ ../../../../Library/StdDriver/src/retarget.c:275:21
	str	r0, [r1]
	.loc	2 276 1 is_stmt 1               @ ../../../../Library/StdDriver/src/retarget.c:276:1
	add	sp, #4
	bx	lr
.Ltmp18:
	.p2align	2
@ %bb.9:
	.loc	2 0 1 is_stmt 0                 @ ../../../../Library/StdDriver/src/retarget.c:0:1
__arm_cp.3_0:
	.long	1074200600                      @ 0x40070018
.Lcpi_end3:
	.size	__arm_cp.3_0, .Lcpi_end3-__arm_cp.3_0
__arm_cp.3_1:
	.long	1074200576                      @ 0x40070000
.Lcpi_end4:
	.size	__arm_cp.3_1, .Lcpi_end4-__arm_cp.3_1
.Lfunc_end3:
	.size	SendChar_ToUART, .Lfunc_end3-SendChar_ToUART
	.cfi_endproc
	.cantunwind
	.fnend
                                        @ -- End function
	.section	.text.SendChar,"ax",%progbits
	.hidden	SendChar                        @ -- Begin function SendChar
	.weak	SendChar
	.p2align	1
	.type	SendChar,%function
	.code	16                              @ @SendChar
	.thumb_func
SendChar:
.Lfunc_begin4:
	.loc	2 355 0 is_stmt 1               @ ../../../../Library/StdDriver/src/retarget.c:355:0
	.fnstart
	.cfi_startproc
@ %bb.0:
	.save	{r7, lr}
	push	{r7, lr}
	.cfi_def_cfa_offset 8
	.cfi_offset lr, -4
	.cfi_offset r7, -8
	.pad	#8
	sub	sp, #8
	.cfi_def_cfa_offset 16
	str	r0, [sp, #4]
.Ltmp19:
	.loc	2 387 21 prologue_end           @ ../../../../Library/StdDriver/src/retarget.c:387:21
	ldr	r0, [sp, #4]
	.loc	2 387 5 is_stmt 0               @ ../../../../Library/StdDriver/src/retarget.c:387:5
	bl	SendChar_ToUART
	.loc	2 389 1 is_stmt 1               @ ../../../../Library/StdDriver/src/retarget.c:389:1
	add	sp, #8
	pop	{r7, pc}
.Ltmp20:
.Lfunc_end4:
	.size	SendChar, .Lfunc_end4-SendChar
	.cfi_endproc
	.cantunwind
	.fnend
                                        @ -- End function
	.section	.text.GetChar,"ax",%progbits
	.hidden	GetChar                         @ -- Begin function GetChar
	.globl	GetChar
	.p2align	2
	.type	GetChar,%function
	.code	16                              @ @GetChar
	.thumb_func
GetChar:
.Lfunc_begin5:
	.loc	2 402 0                         @ ../../../../Library/StdDriver/src/retarget.c:402:0
	.fnstart
	.cfi_startproc
@ %bb.0:
	.loc	2 452 5 prologue_end            @ ../../../../Library/StdDriver/src/retarget.c:452:5
	b	.LBB5_1
.LBB5_1:                                @ =>This Inner Loop Header: Depth=1
	.loc	2 0 5 is_stmt 0                 @ ../../../../Library/StdDriver/src/retarget.c:0:5
	ldr	r0, __arm_cp.5_0
.Ltmp21:
	.loc	2 454 26 is_stmt 1              @ ../../../../Library/StdDriver/src/retarget.c:454:26
	ldr	r0, [r0]
.Ltmp22:
	.loc	2 454 13 is_stmt 0              @ ../../../../Library/StdDriver/src/retarget.c:454:13
	lsls	r0, r0, #17
	cmp	r0, #0
	bmi	.LBB5_3
	b	.LBB5_2
.LBB5_2:
	.loc	2 0 13                          @ ../../../../Library/StdDriver/src/retarget.c:0:13
	ldr	r0, __arm_cp.5_1
.Ltmp23:
	.loc	2 456 39 is_stmt 1              @ ../../../../Library/StdDriver/src/retarget.c:456:39
	ldr	r0, [r0]
	.loc	2 456 13 is_stmt 0              @ ../../../../Library/StdDriver/src/retarget.c:456:13
	uxtb	r0, r0
	bx	lr
.Ltmp24:
.LBB5_3:                                @   in Loop: Header=BB5_1 Depth=1
	.loc	2 452 5 is_stmt 1               @ ../../../../Library/StdDriver/src/retarget.c:452:5
	b	.LBB5_1
.Ltmp25:
	.p2align	2
@ %bb.4:
	.loc	2 0 5 is_stmt 0                 @ ../../../../Library/StdDriver/src/retarget.c:0:5
__arm_cp.5_0:
	.long	1074200600                      @ 0x40070018
.Lcpi_end5:
	.size	__arm_cp.5_0, .Lcpi_end5-__arm_cp.5_0
__arm_cp.5_1:
	.long	1074200576                      @ 0x40070000
.Lcpi_end6:
	.size	__arm_cp.5_1, .Lcpi_end6-__arm_cp.5_1
.Lfunc_end5:
	.size	GetChar, .Lfunc_end5-GetChar
	.cfi_endproc
	.cantunwind
	.fnend
                                        @ -- End function
	.section	.text.kbhit,"ax",%progbits
	.hidden	kbhit                           @ -- Begin function kbhit
	.globl	kbhit
	.p2align	2
	.type	kbhit,%function
	.code	16                              @ @kbhit
	.thumb_func
kbhit:
.Lfunc_begin6:
	.loc	2 475 0 is_stmt 1               @ ../../../../Library/StdDriver/src/retarget.c:475:0
	.fnstart
	.cfi_startproc
@ %bb.0:
	ldr	r0, __arm_cp.6_0
.Ltmp26:
	.loc	2 476 27 prologue_end           @ ../../../../Library/StdDriver/src/retarget.c:476:27
	ldr	r0, [r0]
	movw	r1, #16384
	.loc	2 476 35 is_stmt 0              @ ../../../../Library/StdDriver/src/retarget.c:476:35
	ands	r0, r1
	.loc	2 476 63                        @ ../../../../Library/StdDriver/src/retarget.c:476:63
	lsrs	r0, r0, #14
	.loc	2 476 5                         @ ../../../../Library/StdDriver/src/retarget.c:476:5
	bx	lr
.Ltmp27:
	.p2align	2
@ %bb.1:
	.loc	2 0 5                           @ ../../../../Library/StdDriver/src/retarget.c:0:5
__arm_cp.6_0:
	.long	1074200600                      @ 0x40070018
.Lcpi_end7:
	.size	__arm_cp.6_0, .Lcpi_end7-__arm_cp.6_0
.Lfunc_end6:
	.size	kbhit, .Lfunc_end6-kbhit
	.cfi_endproc
	.cantunwind
	.fnend
                                        @ -- End function
	.section	.text.IsDebugFifoEmpty,"ax",%progbits
	.hidden	IsDebugFifoEmpty                @ -- Begin function IsDebugFifoEmpty
	.globl	IsDebugFifoEmpty
	.p2align	2
	.type	IsDebugFifoEmpty,%function
	.code	16                              @ @IsDebugFifoEmpty
	.thumb_func
IsDebugFifoEmpty:
.Lfunc_begin7:
	.loc	2 491 0 is_stmt 1               @ ../../../../Library/StdDriver/src/retarget.c:491:0
	.fnstart
	.cfi_startproc
@ %bb.0:
	ldr	r0, __arm_cp.7_0
.Ltmp28:
	.loc	2 492 26 prologue_end           @ ../../../../Library/StdDriver/src/retarget.c:492:26
	ldr	r0, [r0]
	movs	r1, #1
	lsls	r1, r1, #28
	.loc	2 492 34 is_stmt 0              @ ../../../../Library/StdDriver/src/retarget.c:492:34
	ands	r0, r1
	.loc	2 492 63                        @ ../../../../Library/StdDriver/src/retarget.c:492:63
	lsrs	r0, r0, #28
	.loc	2 492 5                         @ ../../../../Library/StdDriver/src/retarget.c:492:5
	bx	lr
.Ltmp29:
	.p2align	2
@ %bb.1:
	.loc	2 0 5                           @ ../../../../Library/StdDriver/src/retarget.c:0:5
__arm_cp.7_0:
	.long	1074200600                      @ 0x40070018
.Lcpi_end8:
	.size	__arm_cp.7_0, .Lcpi_end8-__arm_cp.7_0
.Lfunc_end7:
	.size	IsDebugFifoEmpty, .Lfunc_end7-IsDebugFifoEmpty
	.cfi_endproc
	.cantunwind
	.fnend
                                        @ -- End function
	.section	.text._ttywrch,"ax",%progbits
	.hidden	_ttywrch                        @ -- Begin function _ttywrch
	.globl	_ttywrch
	.p2align	1
	.type	_ttywrch,%function
	.code	16                              @ @_ttywrch
	.thumb_func
_ttywrch:
.Lfunc_begin8:
	.loc	2 506 0 is_stmt 1               @ ../../../../Library/StdDriver/src/retarget.c:506:0
	.fnstart
	.cfi_startproc
@ %bb.0:
	.save	{r7, lr}
	push	{r7, lr}
	.cfi_def_cfa_offset 8
	.cfi_offset lr, -4
	.cfi_offset r7, -8
	.pad	#8
	sub	sp, #8
	.cfi_def_cfa_offset 16
	str	r0, [sp, #4]
.Ltmp30:
	.loc	2 507 14 prologue_end           @ ../../../../Library/StdDriver/src/retarget.c:507:14
	ldr	r0, [sp, #4]
	.loc	2 507 5 is_stmt 0               @ ../../../../Library/StdDriver/src/retarget.c:507:5
	bl	SendChar
	.loc	2 508 5 is_stmt 1               @ ../../../../Library/StdDriver/src/retarget.c:508:5
	add	sp, #8
	pop	{r7, pc}
.Ltmp31:
.Lfunc_end8:
	.size	_ttywrch, .Lfunc_end8-_ttywrch
	.cfi_endproc
	.cantunwind
	.fnend
                                        @ -- End function
	.section	.text.fputc,"ax",%progbits
	.hidden	fputc                           @ -- Begin function fputc
	.globl	fputc
	.p2align	1
	.type	fputc,%function
	.code	16                              @ @fputc
	.thumb_func
fputc:
.Lfunc_begin9:
	.loc	2 561 0                         @ ../../../../Library/StdDriver/src/retarget.c:561:0
	.fnstart
	.cfi_startproc
@ %bb.0:
	.save	{r7, lr}
	push	{r7, lr}
	.cfi_def_cfa_offset 8
	.cfi_offset lr, -4
	.cfi_offset r7, -8
	.pad	#8
	sub	sp, #8
	.cfi_def_cfa_offset 16
	str	r0, [sp, #4]
	str	r1, [sp]
.Ltmp32:
	.loc	2 562 14 prologue_end           @ ../../../../Library/StdDriver/src/retarget.c:562:14
	ldr	r0, [sp, #4]
	.loc	2 562 5 is_stmt 0               @ ../../../../Library/StdDriver/src/retarget.c:562:5
	bl	SendChar
	.loc	2 563 12 is_stmt 1              @ ../../../../Library/StdDriver/src/retarget.c:563:12
	ldr	r0, [sp, #4]
	.loc	2 563 5 is_stmt 0               @ ../../../../Library/StdDriver/src/retarget.c:563:5
	add	sp, #8
	pop	{r7, pc}
.Ltmp33:
.Lfunc_end9:
	.size	fputc, .Lfunc_end9-fputc
	.cfi_endproc
	.cantunwind
	.fnend
                                        @ -- End function
	.section	.text.fgetc,"ax",%progbits
	.hidden	fgetc                           @ -- Begin function fgetc
	.globl	fgetc
	.p2align	1
	.type	fgetc,%function
	.code	16                              @ @fgetc
	.thumb_func
fgetc:
.Lfunc_begin10:
	.loc	2 653 0 is_stmt 1               @ ../../../../Library/StdDriver/src/retarget.c:653:0
	.fnstart
	.cfi_startproc
@ %bb.0:
	.save	{r7, lr}
	push	{r7, lr}
	.cfi_def_cfa_offset 8
	.cfi_offset lr, -4
	.cfi_offset r7, -8
	.pad	#8
	sub	sp, #8
	.cfi_def_cfa_offset 16
	str	r0, [sp, #4]
.Ltmp34:
	.loc	2 654 18 prologue_end           @ ../../../../Library/StdDriver/src/retarget.c:654:18
	bl	GetChar
	.loc	2 654 5 is_stmt 0               @ ../../../../Library/StdDriver/src/retarget.c:654:5
	add	sp, #8
	pop	{r7, pc}
.Ltmp35:
.Lfunc_end10:
	.size	fgetc, .Lfunc_end10-fgetc
	.cfi_endproc
	.cantunwind
	.fnend
                                        @ -- End function
	.section	.text.ferror,"ax",%progbits
	.hidden	ferror                          @ -- Begin function ferror
	.globl	ferror
	.p2align	1
	.type	ferror,%function
	.code	16                              @ @ferror
	.thumb_func
ferror:
.Lfunc_begin11:
	.loc	2 673 0 is_stmt 1               @ ../../../../Library/StdDriver/src/retarget.c:673:0
	.fnstart
	.cfi_startproc
@ %bb.0:
	.pad	#4
	sub	sp, #4
	.cfi_def_cfa_offset 4
	str	r0, [sp]
	movs	r0, #0
	mvns	r0, r0
.Ltmp36:
	.loc	2 674 5 prologue_end            @ ../../../../Library/StdDriver/src/retarget.c:674:5
	add	sp, #4
	bx	lr
.Ltmp37:
.Lfunc_end11:
	.size	ferror, .Lfunc_end11-ferror
	.cfi_endproc
	.cantunwind
	.fnend
                                        @ -- End function
	.type	g_ICE_Conneced,%object          @ @g_ICE_Conneced
	.section	.data.g_ICE_Conneced,"aw",%progbits
	.p2align	2
g_ICE_Conneced:
	.long	1                               @ 0x1
	.size	g_ICE_Conneced, 4

	.type	.L.str,%object                  @ @.str
	.section	.rodata.str1.1,"aMS",%progbits,1
.L.str:
	.asciz	"  HardFault!\n\n"
	.size	.L.str, 15

	.hidden	__stdout                        @ @__stdout
	.type	__stdout,%object
	.section	.bss.__stdout,"aw",%nobits
	.globl	__stdout
	.p2align	2
__stdout:
	.zero	84
	.size	__stdout, 84

	.hidden	__stdin                         @ @__stdin
	.type	__stdin,%object
	.section	.bss.__stdin,"aw",%nobits
	.globl	__stdin
	.p2align	2
__stdin:
	.zero	84
	.size	__stdin, 84

	.section	.debug_abbrev,"",%progbits
	.byte	1                               @ Abbreviation Code
	.byte	17                              @ DW_TAG_compile_unit
	.byte	1                               @ DW_CHILDREN_yes
	.byte	37                              @ DW_AT_producer
	.byte	14                              @ DW_FORM_strp
	.byte	19                              @ DW_AT_language
	.byte	5                               @ DW_FORM_data2
	.byte	3                               @ DW_AT_name
	.byte	14                              @ DW_FORM_strp
	.byte	16                              @ DW_AT_stmt_list
	.byte	23                              @ DW_FORM_sec_offset
	.byte	27                              @ DW_AT_comp_dir
	.byte	14                              @ DW_FORM_strp
	.byte	17                              @ DW_AT_low_pc
	.byte	1                               @ DW_FORM_addr
	.byte	85                              @ DW_AT_ranges
	.byte	23                              @ DW_FORM_sec_offset
	.byte	0                               @ EOM(1)
	.byte	0                               @ EOM(2)
	.byte	2                               @ Abbreviation Code
	.byte	52                              @ DW_TAG_variable
	.byte	0                               @ DW_CHILDREN_no
	.byte	3                               @ DW_AT_name
	.byte	14                              @ DW_FORM_strp
	.byte	73                              @ DW_AT_type
	.byte	19                              @ DW_FORM_ref4
	.byte	63                              @ DW_AT_external
	.byte	25                              @ DW_FORM_flag_present
	.byte	58                              @ DW_AT_decl_file
	.byte	11                              @ DW_FORM_data1
	.byte	59                              @ DW_AT_decl_line
	.byte	11                              @ DW_FORM_data1
	.byte	2                               @ DW_AT_location
	.byte	24                              @ DW_FORM_exprloc
	.byte	0                               @ EOM(1)
	.byte	0                               @ EOM(2)
	.byte	3                               @ Abbreviation Code
	.byte	22                              @ DW_TAG_typedef
	.byte	0                               @ DW_CHILDREN_no
	.byte	73                              @ DW_AT_type
	.byte	19                              @ DW_FORM_ref4
	.byte	3                               @ DW_AT_name
	.byte	14                              @ DW_FORM_strp
	.byte	58                              @ DW_AT_decl_file
	.byte	11                              @ DW_FORM_data1
	.byte	59                              @ DW_AT_decl_line
	.byte	11                              @ DW_FORM_data1
	.byte	0                               @ EOM(1)
	.byte	0                               @ EOM(2)
	.byte	4                               @ Abbreviation Code
	.byte	19                              @ DW_TAG_structure_type
	.byte	1                               @ DW_CHILDREN_yes
	.byte	3                               @ DW_AT_name
	.byte	14                              @ DW_FORM_strp
	.byte	11                              @ DW_AT_byte_size
	.byte	11                              @ DW_FORM_data1
	.byte	58                              @ DW_AT_decl_file
	.byte	11                              @ DW_FORM_data1
	.byte	59                              @ DW_AT_decl_line
	.byte	11                              @ DW_FORM_data1
	.byte	0                               @ EOM(1)
	.byte	0                               @ EOM(2)
	.byte	5                               @ Abbreviation Code
	.byte	13                              @ DW_TAG_member
	.byte	0                               @ DW_CHILDREN_no
	.byte	3                               @ DW_AT_name
	.byte	14                              @ DW_FORM_strp
	.byte	73                              @ DW_AT_type
	.byte	19                              @ DW_FORM_ref4
	.byte	58                              @ DW_AT_decl_file
	.byte	11                              @ DW_FORM_data1
	.byte	59                              @ DW_AT_decl_line
	.byte	11                              @ DW_FORM_data1
	.byte	56                              @ DW_AT_data_member_location
	.byte	11                              @ DW_FORM_data1
	.byte	0                               @ EOM(1)
	.byte	0                               @ EOM(2)
	.byte	6                               @ Abbreviation Code
	.byte	23                              @ DW_TAG_union_type
	.byte	1                               @ DW_CHILDREN_yes
	.byte	11                              @ DW_AT_byte_size
	.byte	11                              @ DW_FORM_data1
	.byte	58                              @ DW_AT_decl_file
	.byte	11                              @ DW_FORM_data1
	.byte	59                              @ DW_AT_decl_line
	.byte	11                              @ DW_FORM_data1
	.byte	0                               @ EOM(1)
	.byte	0                               @ EOM(2)
	.byte	7                               @ Abbreviation Code
	.byte	36                              @ DW_TAG_base_type
	.byte	0                               @ DW_CHILDREN_no
	.byte	3                               @ DW_AT_name
	.byte	14                              @ DW_FORM_strp
	.byte	62                              @ DW_AT_encoding
	.byte	11                              @ DW_FORM_data1
	.byte	11                              @ DW_AT_byte_size
	.byte	11                              @ DW_FORM_data1
	.byte	0                               @ EOM(1)
	.byte	0                               @ EOM(2)
	.byte	8                               @ Abbreviation Code
	.byte	1                               @ DW_TAG_array_type
	.byte	1                               @ DW_CHILDREN_yes
	.byte	73                              @ DW_AT_type
	.byte	19                              @ DW_FORM_ref4
	.byte	0                               @ EOM(1)
	.byte	0                               @ EOM(2)
	.byte	9                               @ Abbreviation Code
	.byte	33                              @ DW_TAG_subrange_type
	.byte	0                               @ DW_CHILDREN_no
	.byte	73                              @ DW_AT_type
	.byte	19                              @ DW_FORM_ref4
	.byte	55                              @ DW_AT_count
	.byte	11                              @ DW_FORM_data1
	.byte	0                               @ EOM(1)
	.byte	0                               @ EOM(2)
	.byte	10                              @ Abbreviation Code
	.byte	36                              @ DW_TAG_base_type
	.byte	0                               @ DW_CHILDREN_no
	.byte	3                               @ DW_AT_name
	.byte	14                              @ DW_FORM_strp
	.byte	11                              @ DW_AT_byte_size
	.byte	11                              @ DW_FORM_data1
	.byte	62                              @ DW_AT_encoding
	.byte	11                              @ DW_FORM_data1
	.byte	0                               @ EOM(1)
	.byte	0                               @ EOM(2)
	.byte	11                              @ Abbreviation Code
	.byte	52                              @ DW_TAG_variable
	.byte	0                               @ DW_CHILDREN_no
	.byte	3                               @ DW_AT_name
	.byte	14                              @ DW_FORM_strp
	.byte	73                              @ DW_AT_type
	.byte	19                              @ DW_FORM_ref4
	.byte	58                              @ DW_AT_decl_file
	.byte	11                              @ DW_FORM_data1
	.byte	59                              @ DW_AT_decl_line
	.byte	11                              @ DW_FORM_data1
	.byte	2                               @ DW_AT_location
	.byte	24                              @ DW_FORM_exprloc
	.byte	0                               @ EOM(1)
	.byte	0                               @ EOM(2)
	.byte	12                              @ Abbreviation Code
	.byte	53                              @ DW_TAG_volatile_type
	.byte	0                               @ DW_CHILDREN_no
	.byte	73                              @ DW_AT_type
	.byte	19                              @ DW_FORM_ref4
	.byte	0                               @ EOM(1)
	.byte	0                               @ EOM(2)
	.byte	13                              @ Abbreviation Code
	.byte	15                              @ DW_TAG_pointer_type
	.byte	0                               @ DW_CHILDREN_no
	.byte	73                              @ DW_AT_type
	.byte	19                              @ DW_FORM_ref4
	.byte	0                               @ EOM(1)
	.byte	0                               @ EOM(2)
	.byte	14                              @ Abbreviation Code
	.byte	22                              @ DW_TAG_typedef
	.byte	0                               @ DW_CHILDREN_no
	.byte	73                              @ DW_AT_type
	.byte	19                              @ DW_FORM_ref4
	.byte	3                               @ DW_AT_name
	.byte	14                              @ DW_FORM_strp
	.byte	58                              @ DW_AT_decl_file
	.byte	11                              @ DW_FORM_data1
	.byte	59                              @ DW_AT_decl_line
	.byte	5                               @ DW_FORM_data2
	.byte	0                               @ EOM(1)
	.byte	0                               @ EOM(2)
	.byte	15                              @ Abbreviation Code
	.byte	19                              @ DW_TAG_structure_type
	.byte	1                               @ DW_CHILDREN_yes
	.byte	11                              @ DW_AT_byte_size
	.byte	11                              @ DW_FORM_data1
	.byte	58                              @ DW_AT_decl_file
	.byte	11                              @ DW_FORM_data1
	.byte	59                              @ DW_AT_decl_line
	.byte	11                              @ DW_FORM_data1
	.byte	0                               @ EOM(1)
	.byte	0                               @ EOM(2)
	.byte	16                              @ Abbreviation Code
	.byte	13                              @ DW_TAG_member
	.byte	0                               @ DW_CHILDREN_no
	.byte	3                               @ DW_AT_name
	.byte	14                              @ DW_FORM_strp
	.byte	73                              @ DW_AT_type
	.byte	19                              @ DW_FORM_ref4
	.byte	58                              @ DW_AT_decl_file
	.byte	11                              @ DW_FORM_data1
	.byte	59                              @ DW_AT_decl_line
	.byte	5                               @ DW_FORM_data2
	.byte	56                              @ DW_AT_data_member_location
	.byte	11                              @ DW_FORM_data1
	.byte	0                               @ EOM(1)
	.byte	0                               @ EOM(2)
	.byte	17                              @ Abbreviation Code
	.byte	46                              @ DW_TAG_subprogram
	.byte	1                               @ DW_CHILDREN_yes
	.byte	17                              @ DW_AT_low_pc
	.byte	1                               @ DW_FORM_addr
	.byte	18                              @ DW_AT_high_pc
	.byte	6                               @ DW_FORM_data4
	.byte	64                              @ DW_AT_frame_base
	.byte	24                              @ DW_FORM_exprloc
	.byte	3                               @ DW_AT_name
	.byte	14                              @ DW_FORM_strp
	.byte	58                              @ DW_AT_decl_file
	.byte	11                              @ DW_FORM_data1
	.byte	59                              @ DW_AT_decl_line
	.byte	11                              @ DW_FORM_data1
	.byte	39                              @ DW_AT_prototyped
	.byte	25                              @ DW_FORM_flag_present
	.byte	73                              @ DW_AT_type
	.byte	19                              @ DW_FORM_ref4
	.byte	63                              @ DW_AT_external
	.byte	25                              @ DW_FORM_flag_present
	.byte	0                               @ EOM(1)
	.byte	0                               @ EOM(2)
	.byte	18                              @ Abbreviation Code
	.byte	5                               @ DW_TAG_formal_parameter
	.byte	0                               @ DW_CHILDREN_no
	.byte	2                               @ DW_AT_location
	.byte	24                              @ DW_FORM_exprloc
	.byte	3                               @ DW_AT_name
	.byte	14                              @ DW_FORM_strp
	.byte	58                              @ DW_AT_decl_file
	.byte	11                              @ DW_FORM_data1
	.byte	59                              @ DW_AT_decl_line
	.byte	11                              @ DW_FORM_data1
	.byte	73                              @ DW_AT_type
	.byte	19                              @ DW_FORM_ref4
	.byte	0                               @ EOM(1)
	.byte	0                               @ EOM(2)
	.byte	19                              @ Abbreviation Code
	.byte	52                              @ DW_TAG_variable
	.byte	0                               @ DW_CHILDREN_no
	.byte	2                               @ DW_AT_location
	.byte	24                              @ DW_FORM_exprloc
	.byte	3                               @ DW_AT_name
	.byte	14                              @ DW_FORM_strp
	.byte	58                              @ DW_AT_decl_file
	.byte	11                              @ DW_FORM_data1
	.byte	59                              @ DW_AT_decl_line
	.byte	11                              @ DW_FORM_data1
	.byte	73                              @ DW_AT_type
	.byte	19                              @ DW_FORM_ref4
	.byte	0                               @ EOM(1)
	.byte	0                               @ EOM(2)
	.byte	20                              @ Abbreviation Code
	.byte	46                              @ DW_TAG_subprogram
	.byte	1                               @ DW_CHILDREN_yes
	.byte	17                              @ DW_AT_low_pc
	.byte	1                               @ DW_FORM_addr
	.byte	18                              @ DW_AT_high_pc
	.byte	6                               @ DW_FORM_data4
	.byte	64                              @ DW_AT_frame_base
	.byte	24                              @ DW_FORM_exprloc
	.byte	3                               @ DW_AT_name
	.byte	14                              @ DW_FORM_strp
	.byte	58                              @ DW_AT_decl_file
	.byte	11                              @ DW_FORM_data1
	.byte	59                              @ DW_AT_decl_line
	.byte	11                              @ DW_FORM_data1
	.byte	39                              @ DW_AT_prototyped
	.byte	25                              @ DW_FORM_flag_present
	.byte	0                               @ EOM(1)
	.byte	0                               @ EOM(2)
	.byte	21                              @ Abbreviation Code
	.byte	46                              @ DW_TAG_subprogram
	.byte	1                               @ DW_CHILDREN_yes
	.byte	17                              @ DW_AT_low_pc
	.byte	1                               @ DW_FORM_addr
	.byte	18                              @ DW_AT_high_pc
	.byte	6                               @ DW_FORM_data4
	.byte	64                              @ DW_AT_frame_base
	.byte	24                              @ DW_FORM_exprloc
	.byte	3                               @ DW_AT_name
	.byte	14                              @ DW_FORM_strp
	.byte	58                              @ DW_AT_decl_file
	.byte	11                              @ DW_FORM_data1
	.byte	59                              @ DW_AT_decl_line
	.byte	5                               @ DW_FORM_data2
	.byte	39                              @ DW_AT_prototyped
	.byte	25                              @ DW_FORM_flag_present
	.byte	63                              @ DW_AT_external
	.byte	25                              @ DW_FORM_flag_present
	.byte	0                               @ EOM(1)
	.byte	0                               @ EOM(2)
	.byte	22                              @ Abbreviation Code
	.byte	5                               @ DW_TAG_formal_parameter
	.byte	0                               @ DW_CHILDREN_no
	.byte	2                               @ DW_AT_location
	.byte	24                              @ DW_FORM_exprloc
	.byte	3                               @ DW_AT_name
	.byte	14                              @ DW_FORM_strp
	.byte	58                              @ DW_AT_decl_file
	.byte	11                              @ DW_FORM_data1
	.byte	59                              @ DW_AT_decl_line
	.byte	5                               @ DW_FORM_data2
	.byte	73                              @ DW_AT_type
	.byte	19                              @ DW_FORM_ref4
	.byte	0                               @ EOM(1)
	.byte	0                               @ EOM(2)
	.byte	23                              @ Abbreviation Code
	.byte	46                              @ DW_TAG_subprogram
	.byte	0                               @ DW_CHILDREN_no
	.byte	17                              @ DW_AT_low_pc
	.byte	1                               @ DW_FORM_addr
	.byte	18                              @ DW_AT_high_pc
	.byte	6                               @ DW_FORM_data4
	.byte	64                              @ DW_AT_frame_base
	.byte	24                              @ DW_FORM_exprloc
	.byte	3                               @ DW_AT_name
	.byte	14                              @ DW_FORM_strp
	.byte	58                              @ DW_AT_decl_file
	.byte	11                              @ DW_FORM_data1
	.byte	59                              @ DW_AT_decl_line
	.byte	5                               @ DW_FORM_data2
	.byte	39                              @ DW_AT_prototyped
	.byte	25                              @ DW_FORM_flag_present
	.byte	73                              @ DW_AT_type
	.byte	19                              @ DW_FORM_ref4
	.byte	63                              @ DW_AT_external
	.byte	25                              @ DW_FORM_flag_present
	.byte	0                               @ EOM(1)
	.byte	0                               @ EOM(2)
	.byte	24                              @ Abbreviation Code
	.byte	46                              @ DW_TAG_subprogram
	.byte	1                               @ DW_CHILDREN_yes
	.byte	17                              @ DW_AT_low_pc
	.byte	1                               @ DW_FORM_addr
	.byte	18                              @ DW_AT_high_pc
	.byte	6                               @ DW_FORM_data4
	.byte	64                              @ DW_AT_frame_base
	.byte	24                              @ DW_FORM_exprloc
	.byte	3                               @ DW_AT_name
	.byte	14                              @ DW_FORM_strp
	.byte	58                              @ DW_AT_decl_file
	.byte	11                              @ DW_FORM_data1
	.byte	59                              @ DW_AT_decl_line
	.byte	5                               @ DW_FORM_data2
	.byte	39                              @ DW_AT_prototyped
	.byte	25                              @ DW_FORM_flag_present
	.byte	73                              @ DW_AT_type
	.byte	19                              @ DW_FORM_ref4
	.byte	63                              @ DW_AT_external
	.byte	25                              @ DW_FORM_flag_present
	.byte	0                               @ EOM(1)
	.byte	0                               @ EOM(2)
	.byte	0                               @ EOM(3)
	.section	.debug_info,"",%progbits
.Lcu_begin0:
	.long	.Ldebug_info_end0-.Ldebug_info_start0 @ Length of Unit
.Ldebug_info_start0:
	.short	4                               @ DWARF version number
	.long	.debug_abbrev                   @ Offset Into Abbrev. Section
	.byte	4                               @ Address Size (in bytes)
	.byte	1                               @ Abbrev [1] 0xb:0x404 DW_TAG_compile_unit
	.long	.Linfo_string0                  @ DW_AT_producer
	.short	1                               @ DW_AT_language
	.long	.Linfo_string1                  @ DW_AT_name
	.long	.Lline_table_start0             @ DW_AT_stmt_list
	.long	.Linfo_string2                  @ DW_AT_comp_dir
	.long	0                               @ DW_AT_low_pc
	.long	.Ldebug_ranges0                 @ DW_AT_ranges
	.byte	2                               @ Abbrev [2] 0x26:0x11 DW_TAG_variable
	.long	.Linfo_string3                  @ DW_AT_name
	.long	55                              @ DW_AT_type
                                        @ DW_AT_external
	.byte	2                               @ DW_AT_decl_file
	.byte	59                              @ DW_AT_decl_line
	.byte	5                               @ DW_AT_location
	.byte	3
	.long	__stdout
	.byte	3                               @ Abbrev [3] 0x37:0xb DW_TAG_typedef
	.long	66                              @ DW_AT_type
	.long	.Linfo_string11                 @ DW_AT_name
	.byte	1                               @ DW_AT_decl_file
	.byte	108                             @ DW_AT_decl_line
	.byte	4                               @ Abbrev [4] 0x42:0x32 DW_TAG_structure_type
	.long	.Linfo_string10                 @ DW_AT_name
	.byte	84                              @ DW_AT_byte_size
	.byte	1                               @ DW_AT_decl_file
	.byte	119                             @ DW_AT_decl_line
	.byte	5                               @ Abbrev [5] 0x4a:0xc DW_TAG_member
	.long	.Linfo_string4                  @ DW_AT_name
	.long	86                              @ DW_AT_type
	.byte	1                               @ DW_AT_decl_file
	.byte	127                             @ DW_AT_decl_line
	.byte	0                               @ DW_AT_data_member_location
	.byte	6                               @ Abbrev [6] 0x56:0x1d DW_TAG_union_type
	.byte	84                              @ DW_AT_byte_size
	.byte	1                               @ DW_AT_decl_file
	.byte	120                             @ DW_AT_decl_line
	.byte	5                               @ Abbrev [5] 0x5a:0xc DW_TAG_member
	.long	.Linfo_string5                  @ DW_AT_name
	.long	116                             @ DW_AT_type
	.byte	1                               @ DW_AT_decl_file
	.byte	121                             @ DW_AT_decl_line
	.byte	0                               @ DW_AT_data_member_location
	.byte	5                               @ Abbrev [5] 0x66:0xc DW_TAG_member
	.long	.Linfo_string7                  @ DW_AT_name
	.long	123                             @ DW_AT_type
	.byte	1                               @ DW_AT_decl_file
	.byte	125                             @ DW_AT_decl_line
	.byte	0                               @ DW_AT_data_member_location
	.byte	0                               @ End Of Children Mark
	.byte	0                               @ End Of Children Mark
	.byte	7                               @ Abbrev [7] 0x74:0x7 DW_TAG_base_type
	.long	.Linfo_string6                  @ DW_AT_name
	.byte	5                               @ DW_AT_encoding
	.byte	4                               @ DW_AT_byte_size
	.byte	8                               @ Abbrev [8] 0x7b:0xc DW_TAG_array_type
	.long	135                             @ DW_AT_type
	.byte	9                               @ Abbrev [9] 0x80:0x6 DW_TAG_subrange_type
	.long	142                             @ DW_AT_type
	.byte	84                              @ DW_AT_count
	.byte	0                               @ End Of Children Mark
	.byte	7                               @ Abbrev [7] 0x87:0x7 DW_TAG_base_type
	.long	.Linfo_string8                  @ DW_AT_name
	.byte	8                               @ DW_AT_encoding
	.byte	1                               @ DW_AT_byte_size
	.byte	10                              @ Abbrev [10] 0x8e:0x7 DW_TAG_base_type
	.long	.Linfo_string9                  @ DW_AT_name
	.byte	8                               @ DW_AT_byte_size
	.byte	7                               @ DW_AT_encoding
	.byte	2                               @ Abbrev [2] 0x95:0x11 DW_TAG_variable
	.long	.Linfo_string12                 @ DW_AT_name
	.long	55                              @ DW_AT_type
                                        @ DW_AT_external
	.byte	2                               @ DW_AT_decl_file
	.byte	60                              @ DW_AT_decl_line
	.byte	5                               @ DW_AT_location
	.byte	3
	.long	__stdin
	.byte	11                              @ Abbrev [11] 0xa6:0x11 DW_TAG_variable
	.long	.Linfo_string13                 @ DW_AT_name
	.long	183                             @ DW_AT_type
	.byte	2                               @ DW_AT_decl_file
	.byte	95                              @ DW_AT_decl_line
	.byte	5                               @ DW_AT_location
	.byte	3
	.long	g_ICE_Conneced
	.byte	12                              @ Abbrev [12] 0xb7:0x5 DW_TAG_volatile_type
	.long	188                             @ DW_AT_type
	.byte	3                               @ Abbrev [3] 0xbc:0xb DW_TAG_typedef
	.long	199                             @ DW_AT_type
	.long	.Linfo_string15                 @ DW_AT_name
	.byte	3                               @ DW_AT_decl_file
	.byte	58                              @ DW_AT_decl_line
	.byte	7                               @ Abbrev [7] 0xc7:0x7 DW_TAG_base_type
	.long	.Linfo_string14                 @ DW_AT_name
	.byte	5                               @ DW_AT_encoding
	.byte	4                               @ DW_AT_byte_size
	.byte	13                              @ Abbrev [13] 0xce:0x5 DW_TAG_pointer_type
	.long	211                             @ DW_AT_type
	.byte	3                               @ Abbrev [3] 0xd3:0xb DW_TAG_typedef
	.long	222                             @ DW_AT_type
	.long	.Linfo_string17                 @ DW_AT_name
	.byte	3                               @ DW_AT_decl_file
	.byte	64                              @ DW_AT_decl_line
	.byte	7                               @ Abbrev [7] 0xde:0x7 DW_TAG_base_type
	.long	.Linfo_string16                 @ DW_AT_name
	.byte	7                               @ DW_AT_encoding
	.byte	4                               @ DW_AT_byte_size
	.byte	13                              @ Abbrev [13] 0xe5:0x5 DW_TAG_pointer_type
	.long	234                             @ DW_AT_type
	.byte	14                              @ Abbrev [14] 0xea:0xc DW_TAG_typedef
	.long	246                             @ DW_AT_type
	.long	.Linfo_string20                 @ DW_AT_name
	.byte	4                               @ DW_AT_decl_file
	.short	427                             @ DW_AT_decl_line
	.byte	12                              @ Abbrev [12] 0xf6:0x5 DW_TAG_volatile_type
	.long	251                             @ DW_AT_type
	.byte	3                               @ Abbrev [3] 0xfb:0xb DW_TAG_typedef
	.long	262                             @ DW_AT_type
	.long	.Linfo_string19                 @ DW_AT_name
	.byte	3                               @ DW_AT_decl_file
	.byte	63                              @ DW_AT_decl_line
	.byte	7                               @ Abbrev [7] 0x106:0x7 DW_TAG_base_type
	.long	.Linfo_string18                 @ DW_AT_name
	.byte	7                               @ DW_AT_encoding
	.byte	2                               @ DW_AT_byte_size
	.byte	13                              @ Abbrev [13] 0x10d:0x5 DW_TAG_pointer_type
	.long	274                             @ DW_AT_type
	.byte	14                              @ Abbrev [14] 0x112:0xc DW_TAG_typedef
	.long	286                             @ DW_AT_type
	.long	.Linfo_string40                 @ DW_AT_name
	.byte	5                               @ DW_AT_decl_file
	.short	867                             @ DW_AT_decl_line
	.byte	15                              @ Abbrev [15] 0x11e:0xfc DW_TAG_structure_type
	.byte	76                              @ DW_AT_byte_size
	.byte	5                               @ DW_AT_decl_file
	.byte	27                              @ DW_AT_decl_line
	.byte	16                              @ Abbrev [16] 0x122:0xd DW_TAG_member
	.long	.Linfo_string21                 @ DW_AT_name
	.long	538                             @ DW_AT_type
	.byte	5                               @ DW_AT_decl_file
	.short	847                             @ DW_AT_decl_line
	.byte	0                               @ DW_AT_data_member_location
	.byte	16                              @ Abbrev [16] 0x12f:0xd DW_TAG_member
	.long	.Linfo_string22                 @ DW_AT_name
	.long	538                             @ DW_AT_type
	.byte	5                               @ DW_AT_decl_file
	.short	848                             @ DW_AT_decl_line
	.byte	4                               @ DW_AT_data_member_location
	.byte	16                              @ Abbrev [16] 0x13c:0xd DW_TAG_member
	.long	.Linfo_string23                 @ DW_AT_name
	.long	538                             @ DW_AT_type
	.byte	5                               @ DW_AT_decl_file
	.short	849                             @ DW_AT_decl_line
	.byte	8                               @ DW_AT_data_member_location
	.byte	16                              @ Abbrev [16] 0x149:0xd DW_TAG_member
	.long	.Linfo_string24                 @ DW_AT_name
	.long	538                             @ DW_AT_type
	.byte	5                               @ DW_AT_decl_file
	.short	850                             @ DW_AT_decl_line
	.byte	12                              @ DW_AT_data_member_location
	.byte	16                              @ Abbrev [16] 0x156:0xd DW_TAG_member
	.long	.Linfo_string25                 @ DW_AT_name
	.long	538                             @ DW_AT_type
	.byte	5                               @ DW_AT_decl_file
	.short	851                             @ DW_AT_decl_line
	.byte	16                              @ DW_AT_data_member_location
	.byte	16                              @ Abbrev [16] 0x163:0xd DW_TAG_member
	.long	.Linfo_string26                 @ DW_AT_name
	.long	538                             @ DW_AT_type
	.byte	5                               @ DW_AT_decl_file
	.short	852                             @ DW_AT_decl_line
	.byte	20                              @ DW_AT_data_member_location
	.byte	16                              @ Abbrev [16] 0x170:0xd DW_TAG_member
	.long	.Linfo_string27                 @ DW_AT_name
	.long	538                             @ DW_AT_type
	.byte	5                               @ DW_AT_decl_file
	.short	853                             @ DW_AT_decl_line
	.byte	24                              @ DW_AT_data_member_location
	.byte	16                              @ Abbrev [16] 0x17d:0xd DW_TAG_member
	.long	.Linfo_string28                 @ DW_AT_name
	.long	538                             @ DW_AT_type
	.byte	5                               @ DW_AT_decl_file
	.short	854                             @ DW_AT_decl_line
	.byte	28                              @ DW_AT_data_member_location
	.byte	16                              @ Abbrev [16] 0x18a:0xd DW_TAG_member
	.long	.Linfo_string29                 @ DW_AT_name
	.long	538                             @ DW_AT_type
	.byte	5                               @ DW_AT_decl_file
	.short	855                             @ DW_AT_decl_line
	.byte	32                              @ DW_AT_data_member_location
	.byte	16                              @ Abbrev [16] 0x197:0xd DW_TAG_member
	.long	.Linfo_string30                 @ DW_AT_name
	.long	538                             @ DW_AT_type
	.byte	5                               @ DW_AT_decl_file
	.short	856                             @ DW_AT_decl_line
	.byte	36                              @ DW_AT_data_member_location
	.byte	16                              @ Abbrev [16] 0x1a4:0xd DW_TAG_member
	.long	.Linfo_string31                 @ DW_AT_name
	.long	538                             @ DW_AT_type
	.byte	5                               @ DW_AT_decl_file
	.short	857                             @ DW_AT_decl_line
	.byte	40                              @ DW_AT_data_member_location
	.byte	16                              @ Abbrev [16] 0x1b1:0xd DW_TAG_member
	.long	.Linfo_string32                 @ DW_AT_name
	.long	538                             @ DW_AT_type
	.byte	5                               @ DW_AT_decl_file
	.short	858                             @ DW_AT_decl_line
	.byte	44                              @ DW_AT_data_member_location
	.byte	16                              @ Abbrev [16] 0x1be:0xd DW_TAG_member
	.long	.Linfo_string33                 @ DW_AT_name
	.long	538                             @ DW_AT_type
	.byte	5                               @ DW_AT_decl_file
	.short	859                             @ DW_AT_decl_line
	.byte	48                              @ DW_AT_data_member_location
	.byte	16                              @ Abbrev [16] 0x1cb:0xd DW_TAG_member
	.long	.Linfo_string34                 @ DW_AT_name
	.long	538                             @ DW_AT_type
	.byte	5                               @ DW_AT_decl_file
	.short	860                             @ DW_AT_decl_line
	.byte	52                              @ DW_AT_data_member_location
	.byte	16                              @ Abbrev [16] 0x1d8:0xd DW_TAG_member
	.long	.Linfo_string35                 @ DW_AT_name
	.long	538                             @ DW_AT_type
	.byte	5                               @ DW_AT_decl_file
	.short	861                             @ DW_AT_decl_line
	.byte	56                              @ DW_AT_data_member_location
	.byte	16                              @ Abbrev [16] 0x1e5:0xd DW_TAG_member
	.long	.Linfo_string36                 @ DW_AT_name
	.long	538                             @ DW_AT_type
	.byte	5                               @ DW_AT_decl_file
	.short	862                             @ DW_AT_decl_line
	.byte	60                              @ DW_AT_data_member_location
	.byte	16                              @ Abbrev [16] 0x1f2:0xd DW_TAG_member
	.long	.Linfo_string37                 @ DW_AT_name
	.long	538                             @ DW_AT_type
	.byte	5                               @ DW_AT_decl_file
	.short	863                             @ DW_AT_decl_line
	.byte	64                              @ DW_AT_data_member_location
	.byte	16                              @ Abbrev [16] 0x1ff:0xd DW_TAG_member
	.long	.Linfo_string38                 @ DW_AT_name
	.long	538                             @ DW_AT_type
	.byte	5                               @ DW_AT_decl_file
	.short	864                             @ DW_AT_decl_line
	.byte	68                              @ DW_AT_data_member_location
	.byte	16                              @ Abbrev [16] 0x20c:0xd DW_TAG_member
	.long	.Linfo_string39                 @ DW_AT_name
	.long	538                             @ DW_AT_type
	.byte	5                               @ DW_AT_decl_file
	.short	865                             @ DW_AT_decl_line
	.byte	72                              @ DW_AT_data_member_location
	.byte	0                               @ End Of Children Mark
	.byte	12                              @ Abbrev [12] 0x21a:0x5 DW_TAG_volatile_type
	.long	211                             @ DW_AT_type
	.byte	17                              @ Abbrev [17] 0x21f:0x40 DW_TAG_subprogram
	.long	.Lfunc_begin0                   @ DW_AT_low_pc
	.long	.Lfunc_end0-.Lfunc_begin0       @ DW_AT_high_pc
	.byte	1                               @ DW_AT_frame_base
	.byte	93
	.long	.Linfo_string41                 @ DW_AT_name
	.byte	2                               @ DW_AT_decl_file
	.byte	177                             @ DW_AT_decl_line
                                        @ DW_AT_prototyped
	.long	188                             @ DW_AT_type
                                        @ DW_AT_external
	.byte	18                              @ Abbrev [18] 0x234:0xe DW_TAG_formal_parameter
	.byte	2                               @ DW_AT_location
	.byte	145
	.byte	8
	.long	.Linfo_string53                 @ DW_AT_name
	.byte	2                               @ DW_AT_decl_file
	.byte	177                             @ DW_AT_decl_line
	.long	188                             @ DW_AT_type
	.byte	18                              @ Abbrev [18] 0x242:0xe DW_TAG_formal_parameter
	.byte	2                               @ DW_AT_location
	.byte	145
	.byte	4
	.long	.Linfo_string54                 @ DW_AT_name
	.byte	2                               @ DW_AT_decl_file
	.byte	177                             @ DW_AT_decl_line
	.long	188                             @ DW_AT_type
	.byte	18                              @ Abbrev [18] 0x250:0xe DW_TAG_formal_parameter
	.byte	2                               @ DW_AT_location
	.byte	145
	.byte	0
	.long	.Linfo_string55                 @ DW_AT_name
	.byte	2                               @ DW_AT_decl_file
	.byte	177                             @ DW_AT_decl_line
	.long	1028                            @ DW_AT_type
	.byte	0                               @ End Of Children Mark
	.byte	17                              @ Abbrev [17] 0x25f:0x5c DW_TAG_subprogram
	.long	.Lfunc_begin1                   @ DW_AT_low_pc
	.long	.Lfunc_end1-.Lfunc_begin1       @ DW_AT_high_pc
	.byte	1                               @ DW_AT_frame_base
	.byte	93
	.long	.Linfo_string42                 @ DW_AT_name
	.byte	2                               @ DW_AT_decl_file
	.byte	191                             @ DW_AT_decl_line
                                        @ DW_AT_prototyped
	.long	211                             @ DW_AT_type
                                        @ DW_AT_external
	.byte	18                              @ Abbrev [18] 0x274:0xe DW_TAG_formal_parameter
	.byte	2                               @ DW_AT_location
	.byte	145
	.byte	16
	.long	.Linfo_string56                 @ DW_AT_name
	.byte	2                               @ DW_AT_decl_file
	.byte	191                             @ DW_AT_decl_line
	.long	211                             @ DW_AT_type
	.byte	18                              @ Abbrev [18] 0x282:0xe DW_TAG_formal_parameter
	.byte	2                               @ DW_AT_location
	.byte	145
	.byte	12
	.long	.Linfo_string57                 @ DW_AT_name
	.byte	2                               @ DW_AT_decl_file
	.byte	191                             @ DW_AT_decl_line
	.long	211                             @ DW_AT_type
	.byte	18                              @ Abbrev [18] 0x290:0xe DW_TAG_formal_parameter
	.byte	2                               @ DW_AT_location
	.byte	145
	.byte	8
	.long	.Linfo_string58                 @ DW_AT_name
	.byte	2                               @ DW_AT_decl_file
	.byte	191                             @ DW_AT_decl_line
	.long	211                             @ DW_AT_type
	.byte	19                              @ Abbrev [19] 0x29e:0xe DW_TAG_variable
	.byte	2                               @ DW_AT_location
	.byte	145
	.byte	4
	.long	.Linfo_string59                 @ DW_AT_name
	.byte	2                               @ DW_AT_decl_file
	.byte	193                             @ DW_AT_decl_line
	.long	206                             @ DW_AT_type
	.byte	19                              @ Abbrev [19] 0x2ac:0xe DW_TAG_variable
	.byte	2                               @ DW_AT_location
	.byte	145
	.byte	0
	.long	.Linfo_string60                 @ DW_AT_name
	.byte	2                               @ DW_AT_decl_file
	.byte	194                             @ DW_AT_decl_line
	.long	211                             @ DW_AT_type
	.byte	0                               @ End Of Children Mark
	.byte	20                              @ Abbrev [20] 0x2bb:0x20 DW_TAG_subprogram
	.long	.Lfunc_begin2                   @ DW_AT_low_pc
	.long	.Lfunc_end2-.Lfunc_begin2       @ DW_AT_high_pc
	.byte	1                               @ DW_AT_frame_base
	.byte	93
	.long	.Linfo_string43                 @ DW_AT_name
	.byte	2                               @ DW_AT_decl_file
	.byte	105                             @ DW_AT_decl_line
                                        @ DW_AT_prototyped
	.byte	18                              @ Abbrev [18] 0x2cc:0xe DW_TAG_formal_parameter
	.byte	2                               @ DW_AT_location
	.byte	145
	.byte	0
	.long	.Linfo_string61                 @ DW_AT_name
	.byte	2                               @ DW_AT_decl_file
	.byte	105                             @ DW_AT_decl_line
	.long	206                             @ DW_AT_type
	.byte	0                               @ End Of Children Mark
	.byte	21                              @ Abbrev [21] 0x2db:0x22 DW_TAG_subprogram
	.long	.Lfunc_begin3                   @ DW_AT_low_pc
	.long	.Lfunc_end3-.Lfunc_begin3       @ DW_AT_high_pc
	.byte	1                               @ DW_AT_frame_base
	.byte	93
	.long	.Linfo_string44                 @ DW_AT_name
	.byte	2                               @ DW_AT_decl_file
	.short	263                             @ DW_AT_decl_line
                                        @ DW_AT_prototyped
                                        @ DW_AT_external
	.byte	22                              @ Abbrev [22] 0x2ed:0xf DW_TAG_formal_parameter
	.byte	2                               @ DW_AT_location
	.byte	145
	.byte	0
	.long	.Linfo_string62                 @ DW_AT_name
	.byte	2                               @ DW_AT_decl_file
	.short	263                             @ DW_AT_decl_line
	.long	199                             @ DW_AT_type
	.byte	0                               @ End Of Children Mark
	.byte	21                              @ Abbrev [21] 0x2fd:0x22 DW_TAG_subprogram
	.long	.Lfunc_begin4                   @ DW_AT_low_pc
	.long	.Lfunc_end4-.Lfunc_begin4       @ DW_AT_high_pc
	.byte	1                               @ DW_AT_frame_base
	.byte	93
	.long	.Linfo_string45                 @ DW_AT_name
	.byte	2                               @ DW_AT_decl_file
	.short	354                             @ DW_AT_decl_line
                                        @ DW_AT_prototyped
                                        @ DW_AT_external
	.byte	22                              @ Abbrev [22] 0x30f:0xf DW_TAG_formal_parameter
	.byte	2                               @ DW_AT_location
	.byte	145
	.byte	4
	.long	.Linfo_string62                 @ DW_AT_name
	.byte	2                               @ DW_AT_decl_file
	.short	354                             @ DW_AT_decl_line
	.long	199                             @ DW_AT_type
	.byte	0                               @ End Of Children Mark
	.byte	23                              @ Abbrev [23] 0x31f:0x16 DW_TAG_subprogram
	.long	.Lfunc_begin5                   @ DW_AT_low_pc
	.long	.Lfunc_end5-.Lfunc_begin5       @ DW_AT_high_pc
	.byte	1                               @ DW_AT_frame_base
	.byte	93
	.long	.Linfo_string46                 @ DW_AT_name
	.byte	2                               @ DW_AT_decl_file
	.short	401                             @ DW_AT_decl_line
                                        @ DW_AT_prototyped
	.long	135                             @ DW_AT_type
                                        @ DW_AT_external
	.byte	23                              @ Abbrev [23] 0x335:0x16 DW_TAG_subprogram
	.long	.Lfunc_begin6                   @ DW_AT_low_pc
	.long	.Lfunc_end6-.Lfunc_begin6       @ DW_AT_high_pc
	.byte	1                               @ DW_AT_frame_base
	.byte	93
	.long	.Linfo_string47                 @ DW_AT_name
	.byte	2                               @ DW_AT_decl_file
	.short	474                             @ DW_AT_decl_line
                                        @ DW_AT_prototyped
	.long	199                             @ DW_AT_type
                                        @ DW_AT_external
	.byte	23                              @ Abbrev [23] 0x34b:0x16 DW_TAG_subprogram
	.long	.Lfunc_begin7                   @ DW_AT_low_pc
	.long	.Lfunc_end7-.Lfunc_begin7       @ DW_AT_high_pc
	.byte	1                               @ DW_AT_frame_base
	.byte	93
	.long	.Linfo_string48                 @ DW_AT_name
	.byte	2                               @ DW_AT_decl_file
	.short	490                             @ DW_AT_decl_line
                                        @ DW_AT_prototyped
	.long	199                             @ DW_AT_type
                                        @ DW_AT_external
	.byte	21                              @ Abbrev [21] 0x361:0x22 DW_TAG_subprogram
	.long	.Lfunc_begin8                   @ DW_AT_low_pc
	.long	.Lfunc_end8-.Lfunc_begin8       @ DW_AT_high_pc
	.byte	1                               @ DW_AT_frame_base
	.byte	93
	.long	.Linfo_string49                 @ DW_AT_name
	.byte	2                               @ DW_AT_decl_file
	.short	505                             @ DW_AT_decl_line
                                        @ DW_AT_prototyped
                                        @ DW_AT_external
	.byte	22                              @ Abbrev [22] 0x373:0xf DW_TAG_formal_parameter
	.byte	2                               @ DW_AT_location
	.byte	145
	.byte	4
	.long	.Linfo_string62                 @ DW_AT_name
	.byte	2                               @ DW_AT_decl_file
	.short	505                             @ DW_AT_decl_line
	.long	199                             @ DW_AT_type
	.byte	0                               @ End Of Children Mark
	.byte	24                              @ Abbrev [24] 0x383:0x35 DW_TAG_subprogram
	.long	.Lfunc_begin9                   @ DW_AT_low_pc
	.long	.Lfunc_end9-.Lfunc_begin9       @ DW_AT_high_pc
	.byte	1                               @ DW_AT_frame_base
	.byte	93
	.long	.Linfo_string50                 @ DW_AT_name
	.byte	2                               @ DW_AT_decl_file
	.short	560                             @ DW_AT_decl_line
                                        @ DW_AT_prototyped
	.long	199                             @ DW_AT_type
                                        @ DW_AT_external
	.byte	22                              @ Abbrev [22] 0x399:0xf DW_TAG_formal_parameter
	.byte	2                               @ DW_AT_location
	.byte	145
	.byte	4
	.long	.Linfo_string62                 @ DW_AT_name
	.byte	2                               @ DW_AT_decl_file
	.short	560                             @ DW_AT_decl_line
	.long	199                             @ DW_AT_type
	.byte	22                              @ Abbrev [22] 0x3a8:0xf DW_TAG_formal_parameter
	.byte	2                               @ DW_AT_location
	.byte	145
	.byte	0
	.long	.Linfo_string63                 @ DW_AT_name
	.byte	2                               @ DW_AT_decl_file
	.short	560                             @ DW_AT_decl_line
	.long	1033                            @ DW_AT_type
	.byte	0                               @ End Of Children Mark
	.byte	24                              @ Abbrev [24] 0x3b8:0x26 DW_TAG_subprogram
	.long	.Lfunc_begin10                  @ DW_AT_low_pc
	.long	.Lfunc_end10-.Lfunc_begin10     @ DW_AT_high_pc
	.byte	1                               @ DW_AT_frame_base
	.byte	93
	.long	.Linfo_string51                 @ DW_AT_name
	.byte	2                               @ DW_AT_decl_file
	.short	652                             @ DW_AT_decl_line
                                        @ DW_AT_prototyped
	.long	199                             @ DW_AT_type
                                        @ DW_AT_external
	.byte	22                              @ Abbrev [22] 0x3ce:0xf DW_TAG_formal_parameter
	.byte	2                               @ DW_AT_location
	.byte	145
	.byte	4
	.long	.Linfo_string63                 @ DW_AT_name
	.byte	2                               @ DW_AT_decl_file
	.short	652                             @ DW_AT_decl_line
	.long	1033                            @ DW_AT_type
	.byte	0                               @ End Of Children Mark
	.byte	24                              @ Abbrev [24] 0x3de:0x26 DW_TAG_subprogram
	.long	.Lfunc_begin11                  @ DW_AT_low_pc
	.long	.Lfunc_end11-.Lfunc_begin11     @ DW_AT_high_pc
	.byte	1                               @ DW_AT_frame_base
	.byte	93
	.long	.Linfo_string52                 @ DW_AT_name
	.byte	2                               @ DW_AT_decl_file
	.short	672                             @ DW_AT_decl_line
                                        @ DW_AT_prototyped
	.long	199                             @ DW_AT_type
                                        @ DW_AT_external
	.byte	22                              @ Abbrev [22] 0x3f4:0xf DW_TAG_formal_parameter
	.byte	2                               @ DW_AT_location
	.byte	145
	.byte	0
	.long	.Linfo_string63                 @ DW_AT_name
	.byte	2                               @ DW_AT_decl_file
	.short	672                             @ DW_AT_decl_line
	.long	1033                            @ DW_AT_type
	.byte	0                               @ End Of Children Mark
	.byte	13                              @ Abbrev [13] 0x404:0x5 DW_TAG_pointer_type
	.long	188                             @ DW_AT_type
	.byte	13                              @ Abbrev [13] 0x409:0x5 DW_TAG_pointer_type
	.long	55                              @ DW_AT_type
	.byte	0                               @ End Of Children Mark
.Ldebug_info_end0:
	.section	.debug_ranges,"",%progbits
.Ldebug_ranges0:
	.long	.Lfunc_begin0
	.long	.Lfunc_end0
	.long	.Lfunc_begin1
	.long	.Lfunc_end1
	.long	.Lfunc_begin2
	.long	.Lfunc_end2
	.long	.Lfunc_begin3
	.long	.Lfunc_end3
	.long	.Lfunc_begin4
	.long	.Lfunc_end4
	.long	.Lfunc_begin5
	.long	.Lfunc_end5
	.long	.Lfunc_begin6
	.long	.Lfunc_end6
	.long	.Lfunc_begin7
	.long	.Lfunc_end7
	.long	.Lfunc_begin8
	.long	.Lfunc_end8
	.long	.Lfunc_begin9
	.long	.Lfunc_end9
	.long	.Lfunc_begin10
	.long	.Lfunc_end10
	.long	.Lfunc_begin11
	.long	.Lfunc_end11
	.long	0
	.long	0
	.section	.debug_str,"MS",%progbits,1
.Linfo_string0:
	.asciz	"Component: ARM Compiler 6.16 Tool: armclang [5dfeb700]" @ string offset=0
.Linfo_string1:
	.asciz	"../../../../Library/StdDriver/src\\retarget.c" @ string offset=55
.Linfo_string2:
	.asciz	"D:\\Software Tools\\Keil\\Test\\M251BSP-master\\M251BSP-master\\SampleCode\\StdDriver\\USBD_HID_Transfer\\KEIL" @ string offset=100
.Linfo_string3:
	.asciz	"__stdout"                      @ string offset=202
.Linfo_string4:
	.asciz	"__FILE_opaque"                 @ string offset=211
.Linfo_string5:
	.asciz	"__FILE_alignment"              @ string offset=225
.Linfo_string6:
	.asciz	"long int"                      @ string offset=242
.Linfo_string7:
	.asciz	"__FILE_size"                   @ string offset=251
.Linfo_string8:
	.asciz	"char"                          @ string offset=263
.Linfo_string9:
	.asciz	"__ARRAY_SIZE_TYPE__"           @ string offset=268
.Linfo_string10:
	.asciz	"__FILE"                        @ string offset=288
.Linfo_string11:
	.asciz	"FILE"                          @ string offset=295
.Linfo_string12:
	.asciz	"__stdin"                       @ string offset=300
.Linfo_string13:
	.asciz	"g_ICE_Conneced"                @ string offset=308
.Linfo_string14:
	.asciz	"int"                           @ string offset=323
.Linfo_string15:
	.asciz	"int32_t"                       @ string offset=327
.Linfo_string16:
	.asciz	"unsigned int"                  @ string offset=335
.Linfo_string17:
	.asciz	"uint32_t"                      @ string offset=348
.Linfo_string18:
	.asciz	"unsigned short"                @ string offset=357
.Linfo_string19:
	.asciz	"uint16_t"                      @ string offset=372
.Linfo_string20:
	.asciz	"vu16"                          @ string offset=381
.Linfo_string21:
	.asciz	"DAT"                           @ string offset=386
.Linfo_string22:
	.asciz	"INTEN"                         @ string offset=390
.Linfo_string23:
	.asciz	"FIFO"                          @ string offset=396
.Linfo_string24:
	.asciz	"LINE"                          @ string offset=401
.Linfo_string25:
	.asciz	"MODEM"                         @ string offset=406
.Linfo_string26:
	.asciz	"MODEMSTS"                      @ string offset=412
.Linfo_string27:
	.asciz	"FIFOSTS"                       @ string offset=421
.Linfo_string28:
	.asciz	"INTSTS"                        @ string offset=429
.Linfo_string29:
	.asciz	"TOUT"                          @ string offset=436
.Linfo_string30:
	.asciz	"BAUD"                          @ string offset=441
.Linfo_string31:
	.asciz	"IRDA"                          @ string offset=446
.Linfo_string32:
	.asciz	"ALTCTL"                        @ string offset=451
.Linfo_string33:
	.asciz	"FUNCSEL"                       @ string offset=458
.Linfo_string34:
	.asciz	"LINCTL"                        @ string offset=466
.Linfo_string35:
	.asciz	"LINSTS"                        @ string offset=473
.Linfo_string36:
	.asciz	"BRCOMP"                        @ string offset=480
.Linfo_string37:
	.asciz	"WKCTL"                         @ string offset=487
.Linfo_string38:
	.asciz	"WKSTS"                         @ string offset=493
.Linfo_string39:
	.asciz	"DWKCOMP"                       @ string offset=499
.Linfo_string40:
	.asciz	"UART_T"                        @ string offset=507
.Linfo_string41:
	.asciz	"SH_Return"                     @ string offset=514
.Linfo_string42:
	.asciz	"ProcessHardFault"              @ string offset=524
.Linfo_string43:
	.asciz	"DumpStack"                     @ string offset=541
.Linfo_string44:
	.asciz	"SendChar_ToUART"               @ string offset=551
.Linfo_string45:
	.asciz	"SendChar"                      @ string offset=567
.Linfo_string46:
	.asciz	"GetChar"                       @ string offset=576
.Linfo_string47:
	.asciz	"kbhit"                         @ string offset=584
.Linfo_string48:
	.asciz	"IsDebugFifoEmpty"              @ string offset=590
.Linfo_string49:
	.asciz	"_ttywrch"                      @ string offset=607
.Linfo_string50:
	.asciz	"fputc"                         @ string offset=616
.Linfo_string51:
	.asciz	"fgetc"                         @ string offset=622
.Linfo_string52:
	.asciz	"ferror"                        @ string offset=628
.Linfo_string53:
	.asciz	"n32In_R0"                      @ string offset=635
.Linfo_string54:
	.asciz	"n32In_R1"                      @ string offset=644
.Linfo_string55:
	.asciz	"pn32Out_R0"                    @ string offset=653
.Linfo_string56:
	.asciz	"lr"                            @ string offset=664
.Linfo_string57:
	.asciz	"msp"                           @ string offset=667
.Linfo_string58:
	.asciz	"psp"                           @ string offset=671
.Linfo_string59:
	.asciz	"sp"                            @ string offset=675
.Linfo_string60:
	.asciz	"inst"                          @ string offset=678
.Linfo_string61:
	.asciz	"stack"                         @ string offset=683
.Linfo_string62:
	.asciz	"ch"                            @ string offset=689
.Linfo_string63:
	.asciz	"stream"                        @ string offset=692
	.ident	"Component: ARM Compiler 6.16 Tool: armclang [5dfeb700]"
	.section	".note.GNU-stack","",%progbits
	.eabi_attribute	30, 6	@ Tag_ABI_optimization_goals
	.ARM_attribute	16, 1	@ Tag_AV_eba
	.section	.debug_line,"",%progbits
.Lline_table_start0:
